<?xml version="1.0" encoding="UTF-8"?>
<testsuite name="com.imooc.LoggerTest" time="0.009" tests="1" errors="1" skipped="0" failures="0">
  <properties>
[...]
</properties>
  <testcase name="test1" classname="com.imooc.LoggerTest" time="0.009">
    <error message="Failed to load ApplicationContext" type="java.lang.IllegalStateException">java.lang.IllegalStateException: Failed to load ApplicationContext
	at org.springframework.test.context.cache.DefaultCacheAwareContextLoaderDelegate.loadContext(DefaultCacheAwareContextLoaderDelegate.java:124)
	at org.springframework.test.context.support.DefaultTestContext.getApplicationContext(DefaultTestContext.java:83)
	at org.springframework.test.context.web.ServletTestExecutionListener.setUpRequestContextIfNecessary(ServletTestExecutionListener.java:189)
	at org.springframework.test.context.web.ServletTestExecutionListener.prepareTestInstance(ServletTestExecutionListener.java:131)
	at org.springframework.test.context.TestContextManager.prepareTestInstance(TestContextManager.java:230)
	at org.springframework.test.context.junit4.SpringJUnit4ClassRunner.createTest(SpringJUnit4ClassRunner.java:228)
	at org.springframework.test.context.junit4.SpringJUnit4ClassRunner$1.runReflectiveCall(SpringJUnit4ClassRunner.java:287)
	at org.junit.internal.runners.model.ReflectiveCallable.run(ReflectiveCallable.java:12)
	at org.springframework.test.context.junit4.SpringJUnit4ClassRunner.methodBlock(SpringJUnit4ClassRunner.java:289)
	at org.springframework.test.context.junit4.SpringJUnit4ClassRunner.runChild(SpringJUnit4ClassRunner.java:247)
	at org.springframework.test.context.junit4.SpringJUnit4ClassRunner.runChild(SpringJUnit4ClassRunner.java:94)
	at org.junit.runners.ParentRunner$3.run(ParentRunner.java:290)
	at org.junit.runners.ParentRunner$1.schedule(ParentRunner.java:71)
	at org.junit.runners.ParentRunner.runChildren(ParentRunner.java:288)
	at org.junit.runners.ParentRunner.access$000(ParentRunner.java:58)
	at org.junit.runners.ParentRunner$2.evaluate(ParentRunner.java:268)
	at org.springframework.test.context.junit4.statements.RunBeforeTestClassCallbacks.evaluate(RunBeforeTestClassCallbacks.java:61)
	at org.springframework.test.context.junit4.statements.RunAfterTestClassCallbacks.evaluate(RunAfterTestClassCallbacks.java:70)
	at org.junit.runners.ParentRunner.run(ParentRunner.java:363)
	at org.springframework.test.context.junit4.SpringJUnit4ClassRunner.run(SpringJUnit4ClassRunner.java:191)
	at org.apache.maven.surefire.junit4.JUnit4Provider.execute(JUnit4Provider.java:283)
	at org.apache.maven.surefire.junit4.JUnit4Provider.executeWithRerun(JUnit4Provider.java:173)
	at org.apache.maven.surefire.junit4.JUnit4Provider.executeTestSet(JUnit4Provider.java:153)
	at org.apache.maven.surefire.junit4.JUnit4Provider.invoke(JUnit4Provider.java:128)
	at org.apache.maven.surefire.booter.ForkedBooter.invokeProviderInSameClassLoader(ForkedBooter.java:203)
	at org.apache.maven.surefire.booter.ForkedBooter.runSuitesInProcess(ForkedBooter.java:155)
	at org.apache.maven.surefire.booter.ForkedBooter.main(ForkedBooter.java:103)
Caused by: org.springframework.beans.factory.BeanCreationException: Error creating bean with name 'entityManagerFactory' defined in class path resource [org/springframework/boot/autoconfigure/orm/jpa/HibernateJpaAutoConfiguration.class]: Invocation of init method failed; nested exception is org.hibernate.service.spi.ServiceException: Unable to create requested service [org.hibernate.engine.jdbc.env.spi.JdbcEnvironment]
	at org.springframework.beans.factory.support.AbstractAutowireCapableBeanFactory.initializeBean(AbstractAutowireCapableBeanFactory.java:1630)
	at org.springframework.beans.factory.support.AbstractAutowireCapableBeanFactory.doCreateBean(AbstractAutowireCapableBeanFactory.java:553)
	at org.springframework.beans.factory.support.AbstractAutowireCapableBeanFactory.createBean(AbstractAutowireCapableBeanFactory.java:481)
	at org.springframework.beans.factory.support.AbstractBeanFactory$1.getObject(AbstractBeanFactory.java:312)
	at org.springframework.beans.factory.support.DefaultSingletonBeanRegistry.getSingleton(DefaultSingletonBeanRegistry.java:230)
	at org.springframework.beans.factory.support.AbstractBeanFactory.doGetBean(AbstractBeanFactory.java:308)
	at org.springframework.beans.factory.support.AbstractBeanFactory.getBean(AbstractBeanFactory.java:197)
	at org.springframework.context.support.AbstractApplicationContext.getBean(AbstractApplicationContext.java:1082)
	at org.springframework.context.support.AbstractApplicationContext.finishBeanFactoryInitialization(AbstractApplicationContext.java:857)
	at org.springframework.context.support.AbstractApplicationContext.refresh(AbstractApplicationContext.java:542)
	at org.springframework.boot.SpringApplication.refresh(SpringApplication.java:666)
	at org.springframework.boot.SpringApplication.refreshContext(SpringApplication.java:353)
	at org.springframework.boot.SpringApplication.run(SpringApplication.java:300)
	at org.springframework.boot.test.context.SpringBootContextLoader.loadContext(SpringBootContextLoader.java:118)
	at org.springframework.test.context.cache.DefaultCacheAwareContextLoaderDelegate.loadContextInternal(DefaultCacheAwareContextLoaderDelegate.java:98)
	at org.springframework.test.context.cache.DefaultCacheAwareContextLoaderDelegate.loadContext(DefaultCacheAwareContextLoaderDelegate.java:116)
	at org.springframework.test.context.support.DefaultTestContext.getApplicationContext(DefaultTestContext.java:83)
	at org.springframework.test.context.web.ServletTestExecutionListener.setUpRequestContextIfNecessary(ServletTestExecutionListener.java:189)
	at org.springframework.test.context.web.ServletTestExecutionListener.prepareTestInstance(ServletTestExecutionListener.java:131)
	at org.springframework.test.context.TestContextManager.prepareTestInstance(TestContextManager.java:230)
	at org.springframework.test.context.junit4.SpringJUnit4ClassRunner.createTest(SpringJUnit4ClassRunner.java:228)
	at org.springframework.test.context.junit4.SpringJUnit4ClassRunner$1.runReflectiveCall(SpringJUnit4ClassRunner.java:287)
	at org.junit.internal.runners.model.ReflectiveCallable.run(ReflectiveCallable.java:12)
	at org.springframework.test.context.junit4.SpringJUnit4ClassRunner.methodBlock(SpringJUnit4ClassRunner.java:289)
	at org.springframework.test.context.junit4.SpringJUnit4ClassRunner.runChild(SpringJUnit4ClassRunner.java:247)
	at org.springframework.test.context.junit4.SpringJUnit4ClassRunner.runChild(SpringJUnit4ClassRunner.java:94)
	at org.junit.runners.ParentRunner$3.run(ParentRunner.java:290)
	at org.junit.runners.ParentRunner$1.schedule(ParentRunner.java:71)
	at org.junit.runners.ParentRunner.runChildren(ParentRunner.java:288)
	at org.junit.runners.ParentRunner.access$000(ParentRunner.java:58)
	at org.junit.runners.ParentRunner$2.evaluate(ParentRunner.java:268)
	at org.springframework.test.context.junit4.statements.RunBeforeTestClassCallbacks.evaluate(RunBeforeTestClassCallbacks.java:61)
	at org.springframework.test.context.junit4.statements.RunAfterTestClassCallbacks.evaluate(RunAfterTestClassCallbacks.java:70)
	at org.junit.runners.ParentRunner.run(ParentRunner.java:363)
	at org.springframework.test.context.junit4.SpringJUnit4ClassRunner.run(SpringJUnit4ClassRunner.java:191)
	at org.apache.maven.surefire.junit4.JUnit4Provider.execute(JUnit4Provider.java:283)
	at org.apache.maven.surefire.junit4.JUnit4Provider.executeWithRerun(JUnit4Provider.java:173)
	at org.apache.maven.surefire.junit4.JUnit4Provider.executeTestSet(JUnit4Provider.java:153)
	at org.apache.maven.surefire.junit4.JUnit4Provider.invoke(JUnit4Provider.java:128)
	at org.apache.maven.surefire.booter.ForkedBooter.invokeProviderInSameClassLoader(ForkedBooter.java:203)
	at org.apache.maven.surefire.booter.ForkedBooter.runSuitesInProcess(ForkedBooter.java:155)
	at org.apache.maven.surefire.booter.ForkedBooter.main(ForkedBooter.java:103)
Caused by: org.hibernate.service.spi.ServiceException: Unable to create requested service [org.hibernate.engine.jdbc.env.spi.JdbcEnvironment]
	at org.hibernate.service.internal.AbstractServiceRegistryImpl.createService(AbstractServiceRegistryImpl.java:264)
	at org.hibernate.service.internal.AbstractServiceRegistryImpl.initializeService(AbstractServiceRegistryImpl.java:228)
	at org.hibernate.service.internal.AbstractServiceRegistryImpl.getService(AbstractServiceRegistryImpl.java:207)
	at org.hibernate.engine.jdbc.internal.JdbcServicesImpl.configure(JdbcServicesImpl.java:51)
	at org.hibernate.boot.registry.internal.StandardServiceRegistryImpl.configureService(StandardServiceRegistryImpl.java:94)
	at org.hibernate.service.internal.AbstractServiceRegistryImpl.initializeService(AbstractServiceRegistryImpl.java:237)
	at org.hibernate.service.internal.AbstractServiceRegistryImpl.getService(AbstractServiceRegistryImpl.java:207)
	at org.hibernate.boot.model.process.spi.MetadataBuildingProcess.handleTypes(MetadataBuildingProcess.java:352)
	at org.hibernate.boot.model.process.spi.MetadataBuildingProcess.complete(MetadataBuildingProcess.java:111)
	at org.hibernate.jpa.boot.internal.EntityManagerFactoryBuilderImpl.metadata(EntityManagerFactoryBuilderImpl.java:847)
	at org.hibernate.jpa.boot.internal.EntityManagerFactoryBuilderImpl.build(EntityManagerFactoryBuilderImpl.java:874)
	at org.springframework.orm.jpa.vendor.SpringHibernateJpaPersistenceProvider.createContainerEntityManagerFactory(SpringHibernateJpaPersistenceProvider.java:60)
	at org.springframework.orm.jpa.LocalContainerEntityManagerFactoryBean.createNativeEntityManagerFactory(LocalContainerEntityManagerFactoryBean.java:360)
	at org.springframework.orm.jpa.AbstractEntityManagerFactoryBean.buildNativeEntityManagerFactory(AbstractEntityManagerFactoryBean.java:384)
	at org.springframework.orm.jpa.AbstractEntityManagerFactoryBean.afterPropertiesSet(AbstractEntityManagerFactoryBean.java:371)
	at org.springframework.orm.jpa.LocalContainerEntityManagerFactoryBean.afterPropertiesSet(LocalContainerEntityManagerFactoryBean.java:336)
	at org.springframework.beans.factory.support.AbstractAutowireCapableBeanFactory.invokeInitMethods(AbstractAutowireCapableBeanFactory.java:1688)
	at org.springframework.beans.factory.support.AbstractAutowireCapableBeanFactory.initializeBean(AbstractAutowireCapableBeanFactory.java:1626)
	at org.springframework.beans.factory.support.AbstractAutowireCapableBeanFactory.doCreateBean(AbstractAutowireCapableBeanFactory.java:553)
	at org.springframework.beans.factory.support.AbstractAutowireCapableBeanFactory.createBean(AbstractAutowireCapableBeanFactory.java:481)
	at org.springframework.beans.factory.support.AbstractBeanFactory$1.getObject(AbstractBeanFactory.java:312)
	at org.springframework.beans.factory.support.DefaultSingletonBeanRegistry.getSingleton(DefaultSingletonBeanRegistry.java:230)
	at org.springframework.beans.factory.support.AbstractBeanFactory.doGetBean(AbstractBeanFactory.java:308)
	at org.springframework.beans.factory.support.AbstractBeanFactory.getBean(AbstractBeanFactory.java:197)
	at org.springframework.context.support.AbstractApplicationContext.getBean(AbstractApplicationContext.java:1082)
	at org.springframework.context.support.AbstractApplicationContext.finishBeanFactoryInitialization(AbstractApplicationContext.java:857)
	at org.springframework.context.support.AbstractApplicationContext.refresh(AbstractApplicationContext.java:542)
	at org.springframework.boot.SpringApplication.refresh(SpringApplication.java:666)
	at org.springframework.boot.SpringApplication.refreshContext(SpringApplication.java:353)
	at org.springframework.boot.SpringApplication.run(SpringApplication.java:300)
	at org.springframework.boot.test.context.SpringBootContextLoader.loadContext(SpringBootContextLoader.java:118)
	at org.springframework.test.context.cache.DefaultCacheAwareContextLoaderDelegate.loadContextInternal(DefaultCacheAwareContextLoaderDelegate.java:98)
	at org.springframework.test.context.cache.DefaultCacheAwareContextLoaderDelegate.loadContext(DefaultCacheAwareContextLoaderDelegate.java:116)
	at org.springframework.test.context.support.DefaultTestContext.getApplicationContext(DefaultTestContext.java:83)
	at org.springframework.test.context.web.ServletTestExecutionListener.setUpRequestContextIfNecessary(ServletTestExecutionListener.java:189)
	at org.springframework.test.context.web.ServletTestExecutionListener.prepareTestInstance(ServletTestExecutionListener.java:131)
	at org.springframework.test.context.TestContextManager.prepareTestInstance(TestContextManager.java:230)
	at org.springframework.test.context.junit4.SpringJUnit4ClassRunner.createTest(SpringJUnit4ClassRunner.java:228)
	at org.springframework.test.context.junit4.SpringJUnit4ClassRunner$1.runReflectiveCall(SpringJUnit4ClassRunner.java:287)
	at org.junit.internal.runners.model.ReflectiveCallable.run(ReflectiveCallable.java:12)
	at org.springframework.test.context.junit4.SpringJUnit4ClassRunner.methodBlock(SpringJUnit4ClassRunner.java:289)
	at org.springframework.test.context.junit4.SpringJUnit4ClassRunner.runChild(SpringJUnit4ClassRunner.java:247)
	at org.springframework.test.context.junit4.SpringJUnit4ClassRunner.runChild(SpringJUnit4ClassRunner.java:94)
	at org.junit.runners.ParentRunner$3.run(ParentRunner.java:290)
	at org.junit.runners.ParentRunner$1.schedule(ParentRunner.java:71)
	at org.junit.runners.ParentRunner.runChildren(ParentRunner.java:288)
	at org.junit.runners.ParentRunner.access$000(ParentRunner.java:58)
	at org.junit.runners.ParentRunner$2.evaluate(ParentRunner.java:268)
	at org.springframework.test.context.junit4.statements.RunBeforeTestClassCallbacks.evaluate(RunBeforeTestClassCallbacks.java:61)
	at org.springframework.test.context.junit4.statements.RunAfterTestClassCallbacks.evaluate(RunAfterTestClassCallbacks.java:70)
	at org.junit.runners.ParentRunner.run(ParentRunner.java:363)
	at org.springframework.test.context.junit4.SpringJUnit4ClassRunner.run(SpringJUnit4ClassRunner.java:191)
	at org.apache.maven.surefire.junit4.JUnit4Provider.execute(JUnit4Provider.java:283)
	at org.apache.maven.surefire.junit4.JUnit4Provider.executeWithRerun(JUnit4Provider.java:173)
	at org.apache.maven.surefire.junit4.JUnit4Provider.executeTestSet(JUnit4Provider.java:153)
	at org.apache.maven.surefire.junit4.JUnit4Provider.invoke(JUnit4Provider.java:128)
	at org.apache.maven.surefire.booter.ForkedBooter.invokeProviderInSameClassLoader(ForkedBooter.java:203)
	at org.apache.maven.surefire.booter.ForkedBooter.runSuitesInProcess(ForkedBooter.java:155)
	at org.apache.maven.surefire.booter.ForkedBooter.main(ForkedBooter.java:103)
Caused by: org.hibernate.HibernateException: Access to DialectResolutionInfo cannot be null when 'hibernate.dialect' not set
	at org.hibernate.engine.jdbc.dialect.internal.DialectFactoryImpl.determineDialect(DialectFactoryImpl.java:100)
	at org.hibernate.engine.jdbc.dialect.internal.DialectFactoryImpl.buildDialect(DialectFactoryImpl.java:54)
	at org.hibernate.engine.jdbc.env.internal.JdbcEnvironmentInitiator.initiateService(JdbcEnvironmentInitiator.java:137)
	at org.hibernate.engine.jdbc.env.internal.JdbcEnvironmentInitiator.initiateService(JdbcEnvironmentInitiator.java:35)
	at org.hibernate.boot.registry.internal.StandardServiceRegistryImpl.initiateService(StandardServiceRegistryImpl.java:88)
	at org.hibernate.service.internal.AbstractServiceRegistryImpl.createService(AbstractServiceRegistryImpl.java:254)
	at org.hibernate.service.internal.AbstractServiceRegistryImpl.initializeService(AbstractServiceRegistryImpl.java:228)
	at org.hibernate.service.internal.AbstractServiceRegistryImpl.getService(AbstractServiceRegistryImpl.java:207)
	at org.hibernate.engine.jdbc.internal.JdbcServicesImpl.configure(JdbcServicesImpl.java:51)
	at org.hibernate.boot.registry.internal.StandardServiceRegistryImpl.configureService(StandardServiceRegistryImpl.java:94)
	at org.hibernate.service.internal.AbstractServiceRegistryImpl.initializeService(AbstractServiceRegistryImpl.java:237)
	at org.hibernate.service.internal.AbstractServiceRegistryImpl.getService(AbstractServiceRegistryImpl.java:207)
	at org.hibernate.boot.model.process.spi.MetadataBuildingProcess.handleTypes(MetadataBuildingProcess.java:352)
	at org.hibernate.boot.model.process.spi.MetadataBuildingProcess.complete(MetadataBuildingProcess.java:111)
	at org.hibernate.jpa.boot.internal.EntityManagerFactoryBuilderImpl.metadata(EntityManagerFactoryBuilderImpl.java:847)
	at org.hibernate.jpa.boot.internal.EntityManagerFactoryBuilderImpl.build(EntityManagerFactoryBuilderImpl.java:874)
	at org.springframework.orm.jpa.vendor.SpringHibernateJpaPersistenceProvider.createContainerEntityManagerFactory(SpringHibernateJpaPersistenceProvider.java:60)
	at org.springframework.orm.jpa.LocalContainerEntityManagerFactoryBean.createNativeEntityManagerFactory(LocalContainerEntityManagerFactoryBean.java:360)
	at org.springframework.orm.jpa.AbstractEntityManagerFactoryBean.buildNativeEntityManagerFactory(AbstractEntityManagerFactoryBean.java:384)
	at org.springframework.orm.jpa.AbstractEntityManagerFactoryBean.afterPropertiesSet(AbstractEntityManagerFactoryBean.java:371)
	at org.springframework.orm.jpa.LocalContainerEntityManagerFactoryBean.afterPropertiesSet(LocalContainerEntityManagerFactoryBean.java:336)
	at org.springframework.beans.factory.support.AbstractAutowireCapableBeanFactory.invokeInitMethods(AbstractAutowireCapableBeanFactory.java:1688)
	at org.springframework.beans.factory.support.AbstractAutowireCapableBeanFactory.initializeBean(AbstractAutowireCapableBeanFactory.java:1626)
	at org.springframework.beans.factory.support.AbstractAutowireCapableBeanFactory.doCreateBean(AbstractAutowireCapableBeanFactory.java:553)
	at org.springframework.beans.factory.support.AbstractAutowireCapableBeanFactory.createBean(AbstractAutowireCapableBeanFactory.java:481)
	at org.springframework.beans.factory.support.AbstractBeanFactory$1.getObject(AbstractBeanFactory.java:312)
	at org.springframework.beans.factory.support.DefaultSingletonBeanRegistry.getSingleton(DefaultSingletonBeanRegistry.java:230)
	at org.springframework.beans.factory.support.AbstractBeanFactory.doGetBean(AbstractBeanFactory.java:308)
	at org.springframework.beans.factory.support.AbstractBeanFactory.getBean(AbstractBeanFactory.java:197)
	at org.springframework.context.support.AbstractApplicationContext.getBean(AbstractApplicationContext.java:1082)
	at org.springframework.context.support.AbstractApplicationContext.finishBeanFactoryInitialization(AbstractApplicationContext.java:857)
	at org.springframework.context.support.AbstractApplicationContext.refresh(AbstractApplicationContext.java:542)
	at org.springframework.boot.SpringApplication.refresh(SpringApplication.java:666)
	at org.springframework.boot.SpringApplication.refreshContext(SpringApplication.java:353)
	at org.springframework.boot.SpringApplication.run(SpringApplication.java:300)
	at org.springframework.boot.test.context.SpringBootContextLoader.loadContext(SpringBootContextLoader.java:118)
	at org.springframework.test.context.cache.DefaultCacheAwareContextLoaderDelegate.loadContextInternal(DefaultCacheAwareContextLoaderDelegate.java:98)
	at org.springframework.test.context.cache.DefaultCacheAwareContextLoaderDelegate.loadContext(DefaultCacheAwareContextLoaderDelegate.java:116)
	at org.springframework.test.context.support.DefaultTestContext.getApplicationContext(DefaultTestContext.java:83)
	at org.springframework.test.context.web.ServletTestExecutionListener.setUpRequestContextIfNecessary(ServletTestExecutionListener.java:189)
	at org.springframework.test.context.web.ServletTestExecutionListener.prepareTestInstance(ServletTestExecutionListener.java:131)
	at org.springframework.test.context.TestContextManager.prepareTestInstance(TestContextManager.java:230)
	at org.springframework.test.context.junit4.SpringJUnit4ClassRunner.createTest(SpringJUnit4ClassRunner.java:228)
	at org.springframework.test.context.junit4.SpringJUnit4ClassRunner$1.runReflectiveCall(SpringJUnit4ClassRunner.java:287)
	at org.junit.internal.runners.model.ReflectiveCallable.run(ReflectiveCallable.java:12)
	at org.springframework.test.context.junit4.SpringJUnit4ClassRunner.methodBlock(SpringJUnit4ClassRunner.java:289)
	at org.springframework.test.context.junit4.SpringJUnit4ClassRunner.runChild(SpringJUnit4ClassRunner.java:247)
	at org.springframework.test.context.junit4.SpringJUnit4ClassRunner.runChild(SpringJUnit4ClassRunner.java:94)
	at org.junit.runners.ParentRunner$3.run(ParentRunner.java:290)
	at org.junit.runners.ParentRunner$1.schedule(ParentRunner.java:71)
	at org.junit.runners.ParentRunner.runChildren(ParentRunner.java:288)
	at org.junit.runners.ParentRunner.access$000(ParentRunner.java:58)
	at org.junit.runners.ParentRunner$2.evaluate(ParentRunner.java:268)
	at org.springframework.test.context.junit4.statements.RunBeforeTestClassCallbacks.evaluate(RunBeforeTestClassCallbacks.java:61)
	at org.springframework.test.context.junit4.statements.RunAfterTestClassCallbacks.evaluate(RunAfterTestClassCallbacks.java:70)
	at org.junit.runners.ParentRunner.run(ParentRunner.java:363)
	at org.springframework.test.context.junit4.SpringJUnit4ClassRunner.run(SpringJUnit4ClassRunner.java:191)
	at org.apache.maven.surefire.junit4.JUnit4Provider.execute(JUnit4Provider.java:283)
	at org.apache.maven.surefire.junit4.JUnit4Provider.executeWithRerun(JUnit4Provider.java:173)
	at org.apache.maven.surefire.junit4.JUnit4Provider.executeTestSet(JUnit4Provider.java:153)
	at org.apache.maven.surefire.junit4.JUnit4Provider.invoke(JUnit4Provider.java:128)
	at org.apache.maven.surefire.booter.ForkedBooter.invokeProviderInSameClassLoader(ForkedBooter.java:203)
	at org.apache.maven.surefire.booter.ForkedBooter.runSuitesInProcess(ForkedBooter.java:155)
	at org.apache.maven.surefire.booter.ForkedBooter.main(ForkedBooter.java:103)
</error>
    <system-out><![CDATA[01:16:22.747 [main] DEBUG org.springframework.test.context.junit4.SpringJUnit4ClassRunner - SpringJUnit4ClassRunner constructor called with [class com.imooc.LoggerTest]
01:16:22.749 [main] DEBUG org.springframework.test.context.BootstrapUtils - Instantiating CacheAwareContextLoaderDelegate from class [org.springframework.test.context.cache.DefaultCacheAwareContextLoaderDelegate]
01:16:22.753 [main] DEBUG org.springframework.test.context.BootstrapUtils - Instantiating BootstrapContext using constructor [public org.springframework.test.context.support.DefaultBootstrapContext(java.lang.Class,org.springframework.test.context.CacheAwareContextLoaderDelegate)]
01:16:22.760 [main] DEBUG org.springframework.test.context.BootstrapUtils - Instantiating TestContextBootstrapper for test class [com.imooc.LoggerTest] from class [org.springframework.boot.test.context.SpringBootTestContextBootstrapper]
01:16:22.766 [main] INFO org.springframework.boot.test.context.SpringBootTestContextBootstrapper - Neither @ContextConfiguration nor @ContextHierarchy found for test class [com.imooc.LoggerTest], using SpringBootContextLoader
01:16:22.768 [main] DEBUG org.springframework.test.context.support.AbstractContextLoader - Did not detect default resource location for test class [com.imooc.LoggerTest]: class path resource [com/imooc/LoggerTest-context.xml] does not exist
01:16:22.768 [main] DEBUG org.springframework.test.context.support.AbstractContextLoader - Did not detect default resource location for test class [com.imooc.LoggerTest]: class path resource [com/imooc/LoggerTestContext.groovy] does not exist
01:16:22.768 [main] INFO org.springframework.test.context.support.AbstractContextLoader - Could not detect default resource locations for test class [com.imooc.LoggerTest]: no resource found for suffixes {-context.xml, Context.groovy}.
01:16:22.768 [main] INFO org.springframework.test.context.support.AnnotationConfigContextLoaderUtils - Could not detect default configuration classes for test class [com.imooc.LoggerTest]: LoggerTest does not declare any static, non-private, non-final, nested classes annotated with @Configuration.
01:16:22.782 [main] DEBUG org.springframework.test.context.support.ActiveProfilesUtils - Could not find an 'annotation declaring class' for annotation type [org.springframework.test.context.ActiveProfiles] and class [com.imooc.LoggerTest]
01:16:22.786 [main] DEBUG org.springframework.core.env.StandardEnvironment - Adding PropertySource 'systemProperties' with lowest search precedence
01:16:22.787 [main] DEBUG org.springframework.core.env.StandardEnvironment - Adding PropertySource 'systemEnvironment' with lowest search precedence
01:16:22.787 [main] DEBUG org.springframework.core.env.StandardEnvironment - Initialized StandardEnvironment with PropertySources [MapPropertySource@439904756 {name='systemProperties', properties={idea.version=2021.2.3, java.runtime.name=Java(TM) SE Runtime Environment, sun.boot.library.path=E:\Program Files\Java\jdk1.8.0_161\jre\bin, java.vm.version=25.161-b12, java.vm.vendor=Oracle Corporation, java.vendor.url=http://java.oracle.com/, path.separator=;, java.vm.name=Java HotSpot(TM) 64-Bit Server VM, file.encoding.pkg=sun.io, user.country=CN, user.script=, sun.java.launcher=SUN_STANDARD, sun.os.patch.level=, java.vm.specification.name=Java Virtual Machine Specification, user.dir=E:\workspace\sell, java.runtime.version=1.8.0_161-b12, basedir=E:\workspace\sell, java.awt.graphicsenv=sun.awt.Win32GraphicsEnvironment, java.endorsed.dirs=E:\Program Files\Java\jdk1.8.0_161\jre\lib\endorsed, os.arch=amd64, surefire.real.class.path=E:\workspace\sell\target\surefire\surefirebooter1299369274300339966.jar, java.io.tmpdir=C:\Users\liweihai\AppData\Local\Temp\, line.separator=
, java.vm.specification.vendor=Oracle Corporation, user.variant=, os.name=Windows 10, sun.jnu.encoding=GBK, java.library.path=E:\Program Files\Java\jdk1.8.0_161\jre\bin;C:\Windows\Sun\Java\bin;C:\Windows\system32;C:\Windows;C:\ProgramData\Oracle\Java\javapath;C:\Windows\system32;C:\Windows;C:\Windows\System32\Wbem;C:\Windows\System32\WindowsPowerShell\v1.0\;C:\Windows\System32\OpenSSH\;D:\Program Files\Xshell7\;D:\Program Files\Git\cmd;D:\Program Files\PuTTY\;"E:\Program Files\Java\jdk1.8.0_161\bin;E:\Program Files\Java\jdk1.8.0_161\jre\bin;";C:\Users\liweihai\AppData\Local\Microsoft\WindowsApps;;., surefire.test.class.path=E:\workspace\sell\target\test-classes;E:\workspace\sell\target\classes;E:\maven\org\springframework\boot\spring-boot-starter-web\1.5.22.RELEASE\spring-boot-starter-web-1.5.22.RELEASE.jar;E:\maven\org\springframework\boot\spring-boot-starter\1.5.22.RELEASE\spring-boot-starter-1.5.22.RELEASE.jar;E:\maven\org\springframework\boot\spring-boot\1.5.22.RELEASE\spring-boot-1.5.22.RELEASE.jar;E:\maven\org\springframework\boot\spring-boot-autoconfigure\1.5.22.RELEASE\spring-boot-autoconfigure-1.5.22.RELEASE.jar;E:\maven\org\springframework\boot\spring-boot-starter-logging\1.5.22.RELEASE\spring-boot-starter-logging-1.5.22.RELEASE.jar;E:\maven\ch\qos\logback\logback-classic\1.1.11\logback-classic-1.1.11.jar;E:\maven\ch\qos\logback\logback-core\1.1.11\logback-core-1.1.11.jar;E:\maven\org\slf4j\jul-to-slf4j\1.7.26\jul-to-slf4j-1.7.26.jar;E:\maven\org\slf4j\log4j-over-slf4j\1.7.26\log4j-over-slf4j-1.7.26.jar;E:\maven\org\yaml\snakeyaml\1.17\snakeyaml-1.17.jar;E:\maven\org\springframework\boot\spring-boot-starter-tomcat\1.5.22.RELEASE\spring-boot-starter-tomcat-1.5.22.RELEASE.jar;E:\maven\org\apache\tomcat\embed\tomcat-embed-el\8.5.43\tomcat-embed-el-8.5.43.jar;E:\maven\org\apache\tomcat\embed\tomcat-embed-websocket\8.5.43\tomcat-embed-websocket-8.5.43.jar;E:\maven\org\hibernate\hibernate-validator\5.3.6.Final\hibernate-validator-5.3.6.Final.jar;E:\maven\javax\validation\validation-api\1.1.0.Final\validation-api-1.1.0.Final.jar;E:\maven\org\jboss\logging\jboss-logging\3.3.2.Final\jboss-logging-3.3.2.Final.jar;E:\maven\com\fasterxml\classmate\1.3.4\classmate-1.3.4.jar;E:\maven\com\fasterxml\jackson\core\jackson-databind\2.8.11.3\jackson-databind-2.8.11.3.jar;E:\maven\com\fasterxml\jackson\core\jackson-annotations\2.8.0\jackson-annotations-2.8.0.jar;E:\maven\org\springframework\spring-web\4.3.25.RELEASE\spring-web-4.3.25.RELEASE.jar;E:\maven\org\springframework\spring-aop\4.3.25.RELEASE\spring-aop-4.3.25.RELEASE.jar;E:\maven\org\springframework\spring-beans\4.3.25.RELEASE\spring-beans-4.3.25.RELEASE.jar;E:\maven\org\springframework\spring-context\4.3.25.RELEASE\spring-context-4.3.25.RELEASE.jar;E:\maven\org\springframework\spring-webmvc\4.3.25.RELEASE\spring-webmvc-4.3.25.RELEASE.jar;E:\maven\org\springframework\spring-expression\4.3.25.RELEASE\spring-expression-4.3.25.RELEASE.jar;E:\maven\org\springframework\boot\spring-boot-starter-test\1.5.22.RELEASE\spring-boot-starter-test-1.5.22.RELEASE.jar;E:\maven\org\springframework\boot\spring-boot-test\1.5.22.RELEASE\spring-boot-test-1.5.22.RELEASE.jar;E:\maven\org\springframework\boot\spring-boot-test-autoconfigure\1.5.22.RELEASE\spring-boot-test-autoconfigure-1.5.22.RELEASE.jar;E:\maven\com\jayway\jsonpath\json-path\2.2.0\json-path-2.2.0.jar;E:\maven\net\minidev\json-smart\2.2.1\json-smart-2.2.1.jar;E:\maven\net\minidev\accessors-smart\1.1\accessors-smart-1.1.jar;E:\maven\org\ow2\asm\asm\5.0.3\asm-5.0.3.jar;E:\maven\junit\junit\4.12\junit-4.12.jar;E:\maven\org\assertj\assertj-core\2.6.0\assertj-core-2.6.0.jar;E:\maven\org\mockito\mockito-core\1.10.19\mockito-core-1.10.19.jar;E:\maven\org\objenesis\objenesis\2.1\objenesis-2.1.jar;E:\maven\org\hamcrest\hamcrest-core\1.3\hamcrest-core-1.3.jar;E:\maven\org\hamcrest\hamcrest-library\1.3\hamcrest-library-1.3.jar;E:\maven\org\skyscreamer\jsonassert\1.4.0\jsonassert-1.4.0.jar;E:\maven\com\vaadin\external\google\android-json\0.0.20131108.vaadin1\android-json-0.0.20131108.vaadin1.jar;E:\maven\org\springframework\spring-core\4.3.25.RELEASE\spring-core-4.3.25.RELEASE.jar;E:\maven\org\springframework\spring-test\4.3.25.RELEASE\spring-test-4.3.25.RELEASE.jar;E:\maven\mysql\mysql-connector-java\5.1.48\mysql-connector-java-5.1.48.jar;E:\maven\org\springframework\boot\spring-boot-starter-data-jpa\1.5.22.RELEASE\spring-boot-starter-data-jpa-1.5.22.RELEASE.jar;E:\maven\org\springframework\boot\spring-boot-starter-aop\1.5.22.RELEASE\spring-boot-starter-aop-1.5.22.RELEASE.jar;E:\maven\org\aspectj\aspectjweaver\1.8.14\aspectjweaver-1.8.14.jar;E:\maven\org\springframework\boot\spring-boot-starter-jdbc\1.5.22.RELEASE\spring-boot-starter-jdbc-1.5.22.RELEASE.jar;E:\maven\org\apache\tomcat\tomcat-jdbc\8.5.43\tomcat-jdbc-8.5.43.jar;E:\maven\org\apache\tomcat\tomcat-juli\8.5.43\tomcat-juli-8.5.43.jar;E:\maven\org\springframework\spring-jdbc\4.3.25.RELEASE\spring-jdbc-4.3.25.RELEASE.jar;E:\maven\org\hibernate\hibernate-core\5.0.12.Final\hibernate-core-5.0.12.Final.jar;E:\maven\org\hibernate\javax\persistence\hibernate-jpa-2.1-api\1.0.0.Final\hibernate-jpa-2.1-api-1.0.0.Final.jar;E:\maven\org\javassist\javassist\3.21.0-GA\javassist-3.21.0-GA.jar;E:\maven\antlr\antlr\2.7.7\antlr-2.7.7.jar;E:\maven\org\jboss\jandex\2.0.0.Final\jandex-2.0.0.Final.jar;E:\maven\dom4j\dom4j\1.6.1\dom4j-1.6.1.jar;E:\maven\org\hibernate\common\hibernate-commons-annotations\5.0.1.Final\hibernate-commons-annotations-5.0.1.Final.jar;E:\maven\org\hibernate\hibernate-entitymanager\5.0.12.Final\hibernate-entitymanager-5.0.12.Final.jar;E:\maven\javax\transaction\javax.transaction-api\1.2\javax.transaction-api-1.2.jar;E:\maven\org\springframework\data\spring-data-jpa\1.11.23.RELEASE\spring-data-jpa-1.11.23.RELEASE.jar;E:\maven\org\springframework\data\spring-data-commons\1.13.23.RELEASE\spring-data-commons-1.13.23.RELEASE.jar;E:\maven\org\springframework\spring-orm\4.3.25.RELEASE\spring-orm-4.3.25.RELEASE.jar;E:\maven\org\springframework\spring-tx\4.3.25.RELEASE\spring-tx-4.3.25.RELEASE.jar;E:\maven\org\slf4j\jcl-over-slf4j\1.7.26\jcl-over-slf4j-1.7.26.jar;E:\maven\org\springframework\spring-aspects\4.3.25.RELEASE\spring-aspects-4.3.25.RELEASE.jar;E:\maven\org\projectlombok\lombok\1.16.22\lombok-1.16.22.jar;E:\maven\com\google\code\gson\gson\2.8.5\gson-2.8.5.jar;E:\maven\com\github\binarywang\weixin-java-mp\2.7.0\weixin-java-mp-2.7.0.jar;E:\maven\com\github\binarywang\weixin-java-common\2.7.0\weixin-java-common-2.7.0.jar;E:\maven\org\apache\httpcomponents\httpmime\4.5.9\httpmime-4.5.9.jar;E:\maven\commons-codec\commons-codec\1.10\commons-codec-1.10.jar;E:\maven\commons-io\commons-io\2.5\commons-io-2.5.jar;E:\maven\com\google\guava\guava\20.0\guava-20.0.jar;E:\maven\cn\springboot\best-pay-sdk\1.1.0\best-pay-sdk-1.1.0.jar;E:\maven\org\apache\commons\commons-lang3\3.5\commons-lang3-3.5.jar;E:\maven\org\apache\httpcomponents\httpclient\4.5.9\httpclient-4.5.9.jar;E:\maven\org\apache\httpcomponents\httpcore\4.4.11\httpcore-4.4.11.jar;E:\maven\org\glassfish\jersey\core\jersey-client\2.25.1\jersey-client-2.25.1.jar;E:\maven\javax\ws\rs\javax.ws.rs-api\2.0.1\javax.ws.rs-api-2.0.1.jar;E:\maven\org\glassfish\jersey\core\jersey-common\2.25.1\jersey-common-2.25.1.jar;E:\maven\javax\annotation\javax.annotation-api\1.2\javax.annotation-api-1.2.jar;E:\maven\org\glassfish\jersey\bundles\repackaged\jersey-guava\2.25.1\jersey-guava-2.25.1.jar;E:\maven\org\glassfish\hk2\osgi-resource-locator\1.0.1\osgi-resource-locator-1.0.1.jar;E:\maven\org\glassfish\hk2\hk2-api\2.5.0-b32\hk2-api-2.5.0-b32.jar;E:\maven\org\glassfish\hk2\hk2-utils\2.5.0-b32\hk2-utils-2.5.0-b32.jar;E:\maven\org\glassfish\hk2\external\aopalliance-repackaged\2.5.0-b32\aopalliance-repackaged-2.5.0-b32.jar;E:\maven\org\glassfish\hk2\external\javax.inject\2.5.0-b32\javax.inject-2.5.0-b32.jar;E:\maven\org\glassfish\hk2\hk2-locator\2.5.0-b32\hk2-locator-2.5.0-b32.jar;E:\maven\org\glassfish\jersey\connectors\jersey-apache-connector\2.23.2\jersey-apache-connector-2.23.2.jar;E:\maven\com\fasterxml\jackson\core\jackson-core\2.8.11\jackson-core-2.8.11.jar;E:\maven\org\slf4j\slf4j-api\1.7.26\slf4j-api-1.7.26.jar;E:\maven\joda-time\joda-time\2.9.9\joda-time-2.9.9.jar;E:\maven\org\apache\tomcat\embed\tomcat-embed-core\8.5.43\tomcat-embed-core-8.5.43.jar;E:\maven\org\apache\tomcat\tomcat-annotations-api\8.5.43\tomcat-annotations-api-8.5.43.jar;E:\maven\com\squareup\retrofit2\retrofit\2.3.0\retrofit-2.3.0.jar;E:\maven\com\squareup\okhttp3\okhttp\3.8.0\okhttp-3.8.0.jar;E:\maven\com\squareup\okio\okio\1.13.0\okio-1.13.0.jar;E:\maven\com\squareup\retrofit2\converter-simplexml\2.3.0\converter-simplexml-2.3.0.jar;E:\maven\org\simpleframework\simple-xml\2.7.1\simple-xml-2.7.1.jar;E:\maven\stax\stax-api\1.0.1\stax-api-1.0.1.jar;E:\maven\stax\stax\1.2.0\stax-1.2.0.jar;E:\maven\xpp3\xpp3\1.1.3.3\xpp3-1.1.3.3.jar;E:\maven\com\thoughtworks\xstream\xstream\1.4.9\xstream-1.4.9.jar;E:\maven\xmlpull\xmlpull\1.1.3.1\xmlpull-1.1.3.1.jar;E:\maven\xpp3\xpp3_min\1.1.4c\xpp3_min-1.1.4c.jar;E:\maven\org\springframework\boot\spring-boot-starter-freemarker\1.5.22.RELEASE\spring-boot-starter-freemarker-1.5.22.RELEASE.jar;E:\maven\org\freemarker\freemarker\2.3.28\freemarker-2.3.28.jar;E:\maven\org\springframework\spring-context-support\4.3.25.RELEASE\spring-context-support-4.3.25.RELEASE.jar;E:\maven\org\springframework\boot\spring-boot-starter-data-redis\1.5.22.RELEASE\spring-boot-starter-data-redis-1.5.22.RELEASE.jar;E:\maven\org\springframework\data\spring-data-redis\1.8.23.RELEASE\spring-data-redis-1.8.23.RELEASE.jar;E:\maven\org\springframework\data\spring-data-keyvalue\1.2.23.RELEASE\spring-data-keyvalue-1.2.23.RELEASE.jar;E:\maven\org\springframework\spring-oxm\4.3.25.RELEASE\spring-oxm-4.3.25.RELEASE.jar;E:\maven\redis\clients\jedis\2.9.3\jedis-2.9.3.jar;E:\maven\org\apache\commons\commons-pool2\2.4.3\commons-pool2-2.4.3.jar;E:\maven\org\springframework\boot\spring-boot-starter-websocket\1.5.22.RELEASE\spring-boot-starter-websocket-1.5.22.RELEASE.jar;E:\maven\org\springframework\spring-messaging\4.3.25.RELEASE\spring-messaging-4.3.25.RELEASE.jar;E:\maven\org\springframework\spring-websocket\4.3.25.RELEASE\spring-websocket-4.3.25.RELEASE.jar;, java.specification.name=Java Platform API Specification, java.class.version=52.0, sun.management.compiler=HotSpot 64-Bit Tiered Compilers, os.version=10.0, user.home=C:\Users\liweihai, user.timezone=Asia/Shanghai, java.awt.printerjob=sun.awt.windows.WPrinterJob, file.encoding=GBK, java.specification.version=1.8, java.class.path=E:\workspace\sell\target\test-classes;E:\workspace\sell\target\classes;E:\maven\org\springframework\boot\spring-boot-starter-web\1.5.22.RELEASE\spring-boot-starter-web-1.5.22.RELEASE.jar;E:\maven\org\springframework\boot\spring-boot-starter\1.5.22.RELEASE\spring-boot-starter-1.5.22.RELEASE.jar;E:\maven\org\springframework\boot\spring-boot\1.5.22.RELEASE\spring-boot-1.5.22.RELEASE.jar;E:\maven\org\springframework\boot\spring-boot-autoconfigure\1.5.22.RELEASE\spring-boot-autoconfigure-1.5.22.RELEASE.jar;E:\maven\org\springframework\boot\spring-boot-starter-logging\1.5.22.RELEASE\spring-boot-starter-logging-1.5.22.RELEASE.jar;E:\maven\ch\qos\logback\logback-classic\1.1.11\logback-classic-1.1.11.jar;E:\maven\ch\qos\logback\logback-core\1.1.11\logback-core-1.1.11.jar;E:\maven\org\slf4j\jul-to-slf4j\1.7.26\jul-to-slf4j-1.7.26.jar;E:\maven\org\slf4j\log4j-over-slf4j\1.7.26\log4j-over-slf4j-1.7.26.jar;E:\maven\org\yaml\snakeyaml\1.17\snakeyaml-1.17.jar;E:\maven\org\springframework\boot\spring-boot-starter-tomcat\1.5.22.RELEASE\spring-boot-starter-tomcat-1.5.22.RELEASE.jar;E:\maven\org\apache\tomcat\embed\tomcat-embed-el\8.5.43\tomcat-embed-el-8.5.43.jar;E:\maven\org\apache\tomcat\embed\tomcat-embed-websocket\8.5.43\tomcat-embed-websocket-8.5.43.jar;E:\maven\org\hibernate\hibernate-validator\5.3.6.Final\hibernate-validator-5.3.6.Final.jar;E:\maven\javax\validation\validation-api\1.1.0.Final\validation-api-1.1.0.Final.jar;E:\maven\org\jboss\logging\jboss-logging\3.3.2.Final\jboss-logging-3.3.2.Final.jar;E:\maven\com\fasterxml\classmate\1.3.4\classmate-1.3.4.jar;E:\maven\com\fasterxml\jackson\core\jackson-databind\2.8.11.3\jackson-databind-2.8.11.3.jar;E:\maven\com\fasterxml\jackson\core\jackson-annotations\2.8.0\jackson-annotations-2.8.0.jar;E:\maven\org\springframework\spring-web\4.3.25.RELEASE\spring-web-4.3.25.RELEASE.jar;E:\maven\org\springframework\spring-aop\4.3.25.RELEASE\spring-aop-4.3.25.RELEASE.jar;E:\maven\org\springframework\spring-beans\4.3.25.RELEASE\spring-beans-4.3.25.RELEASE.jar;E:\maven\org\springframework\spring-context\4.3.25.RELEASE\spring-context-4.3.25.RELEASE.jar;E:\maven\org\springframework\spring-webmvc\4.3.25.RELEASE\spring-webmvc-4.3.25.RELEASE.jar;E:\maven\org\springframework\spring-expression\4.3.25.RELEASE\spring-expression-4.3.25.RELEASE.jar;E:\maven\org\springframework\boot\spring-boot-starter-test\1.5.22.RELEASE\spring-boot-starter-test-1.5.22.RELEASE.jar;E:\maven\org\springframework\boot\spring-boot-test\1.5.22.RELEASE\spring-boot-test-1.5.22.RELEASE.jar;E:\maven\org\springframework\boot\spring-boot-test-autoconfigure\1.5.22.RELEASE\spring-boot-test-autoconfigure-1.5.22.RELEASE.jar;E:\maven\com\jayway\jsonpath\json-path\2.2.0\json-path-2.2.0.jar;E:\maven\net\minidev\json-smart\2.2.1\json-smart-2.2.1.jar;E:\maven\net\minidev\accessors-smart\1.1\accessors-smart-1.1.jar;E:\maven\org\ow2\asm\asm\5.0.3\asm-5.0.3.jar;E:\maven\junit\junit\4.12\junit-4.12.jar;E:\maven\org\assertj\assertj-core\2.6.0\assertj-core-2.6.0.jar;E:\maven\org\mockito\mockito-core\1.10.19\mockito-core-1.10.19.jar;E:\maven\org\objenesis\objenesis\2.1\objenesis-2.1.jar;E:\maven\org\hamcrest\hamcrest-core\1.3\hamcrest-core-1.3.jar;E:\maven\org\hamcrest\hamcrest-library\1.3\hamcrest-library-1.3.jar;E:\maven\org\skyscreamer\jsonassert\1.4.0\jsonassert-1.4.0.jar;E:\maven\com\vaadin\external\google\android-json\0.0.20131108.vaadin1\android-json-0.0.20131108.vaadin1.jar;E:\maven\org\springframework\spring-core\4.3.25.RELEASE\spring-core-4.3.25.RELEASE.jar;E:\maven\org\springframework\spring-test\4.3.25.RELEASE\spring-test-4.3.25.RELEASE.jar;E:\maven\mysql\mysql-connector-java\5.1.48\mysql-connector-java-5.1.48.jar;E:\maven\org\springframework\boot\spring-boot-starter-data-jpa\1.5.22.RELEASE\spring-boot-starter-data-jpa-1.5.22.RELEASE.jar;E:\maven\org\springframework\boot\spring-boot-starter-aop\1.5.22.RELEASE\spring-boot-starter-aop-1.5.22.RELEASE.jar;E:\maven\org\aspectj\aspectjweaver\1.8.14\aspectjweaver-1.8.14.jar;E:\maven\org\springframework\boot\spring-boot-starter-jdbc\1.5.22.RELEASE\spring-boot-starter-jdbc-1.5.22.RELEASE.jar;E:\maven\org\apache\tomcat\tomcat-jdbc\8.5.43\tomcat-jdbc-8.5.43.jar;E:\maven\org\apache\tomcat\tomcat-juli\8.5.43\tomcat-juli-8.5.43.jar;E:\maven\org\springframework\spring-jdbc\4.3.25.RELEASE\spring-jdbc-4.3.25.RELEASE.jar;E:\maven\org\hibernate\hibernate-core\5.0.12.Final\hibernate-core-5.0.12.Final.jar;E:\maven\org\hibernate\javax\persistence\hibernate-jpa-2.1-api\1.0.0.Final\hibernate-jpa-2.1-api-1.0.0.Final.jar;E:\maven\org\javassist\javassist\3.21.0-GA\javassist-3.21.0-GA.jar;E:\maven\antlr\antlr\2.7.7\antlr-2.7.7.jar;E:\maven\org\jboss\jandex\2.0.0.Final\jandex-2.0.0.Final.jar;E:\maven\dom4j\dom4j\1.6.1\dom4j-1.6.1.jar;E:\maven\org\hibernate\common\hibernate-commons-annotations\5.0.1.Final\hibernate-commons-annotations-5.0.1.Final.jar;E:\maven\org\hibernate\hibernate-entitymanager\5.0.12.Final\hibernate-entitymanager-5.0.12.Final.jar;E:\maven\javax\transaction\javax.transaction-api\1.2\javax.transaction-api-1.2.jar;E:\maven\org\springframework\data\spring-data-jpa\1.11.23.RELEASE\spring-data-jpa-1.11.23.RELEASE.jar;E:\maven\org\springframework\data\spring-data-commons\1.13.23.RELEASE\spring-data-commons-1.13.23.RELEASE.jar;E:\maven\org\springframework\spring-orm\4.3.25.RELEASE\spring-orm-4.3.25.RELEASE.jar;E:\maven\org\springframework\spring-tx\4.3.25.RELEASE\spring-tx-4.3.25.RELEASE.jar;E:\maven\org\slf4j\jcl-over-slf4j\1.7.26\jcl-over-slf4j-1.7.26.jar;E:\maven\org\springframework\spring-aspects\4.3.25.RELEASE\spring-aspects-4.3.25.RELEASE.jar;E:\maven\org\projectlombok\lombok\1.16.22\lombok-1.16.22.jar;E:\maven\com\google\code\gson\gson\2.8.5\gson-2.8.5.jar;E:\maven\com\github\binarywang\weixin-java-mp\2.7.0\weixin-java-mp-2.7.0.jar;E:\maven\com\github\binarywang\weixin-java-common\2.7.0\weixin-java-common-2.7.0.jar;E:\maven\org\apache\httpcomponents\httpmime\4.5.9\httpmime-4.5.9.jar;E:\maven\commons-codec\commons-codec\1.10\commons-codec-1.10.jar;E:\maven\commons-io\commons-io\2.5\commons-io-2.5.jar;E:\maven\com\google\guava\guava\20.0\guava-20.0.jar;E:\maven\cn\springboot\best-pay-sdk\1.1.0\best-pay-sdk-1.1.0.jar;E:\maven\org\apache\commons\commons-lang3\3.5\commons-lang3-3.5.jar;E:\maven\org\apache\httpcomponents\httpclient\4.5.9\httpclient-4.5.9.jar;E:\maven\org\apache\httpcomponents\httpcore\4.4.11\httpcore-4.4.11.jar;E:\maven\org\glassfish\jersey\core\jersey-client\2.25.1\jersey-client-2.25.1.jar;E:\maven\javax\ws\rs\javax.ws.rs-api\2.0.1\javax.ws.rs-api-2.0.1.jar;E:\maven\org\glassfish\jersey\core\jersey-common\2.25.1\jersey-common-2.25.1.jar;E:\maven\javax\annotation\javax.annotation-api\1.2\javax.annotation-api-1.2.jar;E:\maven\org\glassfish\jersey\bundles\repackaged\jersey-guava\2.25.1\jersey-guava-2.25.1.jar;E:\maven\org\glassfish\hk2\osgi-resource-locator\1.0.1\osgi-resource-locator-1.0.1.jar;E:\maven\org\glassfish\hk2\hk2-api\2.5.0-b32\hk2-api-2.5.0-b32.jar;E:\maven\org\glassfish\hk2\hk2-utils\2.5.0-b32\hk2-utils-2.5.0-b32.jar;E:\maven\org\glassfish\hk2\external\aopalliance-repackaged\2.5.0-b32\aopalliance-repackaged-2.5.0-b32.jar;E:\maven\org\glassfish\hk2\external\javax.inject\2.5.0-b32\javax.inject-2.5.0-b32.jar;E:\maven\org\glassfish\hk2\hk2-locator\2.5.0-b32\hk2-locator-2.5.0-b32.jar;E:\maven\org\glassfish\jersey\connectors\jersey-apache-connector\2.23.2\jersey-apache-connector-2.23.2.jar;E:\maven\com\fasterxml\jackson\core\jackson-core\2.8.11\jackson-core-2.8.11.jar;E:\maven\org\slf4j\slf4j-api\1.7.26\slf4j-api-1.7.26.jar;E:\maven\joda-time\joda-time\2.9.9\joda-time-2.9.9.jar;E:\maven\org\apache\tomcat\embed\tomcat-embed-core\8.5.43\tomcat-embed-core-8.5.43.jar;E:\maven\org\apache\tomcat\tomcat-annotations-api\8.5.43\tomcat-annotations-api-8.5.43.jar;E:\maven\com\squareup\retrofit2\retrofit\2.3.0\retrofit-2.3.0.jar;E:\maven\com\squareup\okhttp3\okhttp\3.8.0\okhttp-3.8.0.jar;E:\maven\com\squareup\okio\okio\1.13.0\okio-1.13.0.jar;E:\maven\com\squareup\retrofit2\converter-simplexml\2.3.0\converter-simplexml-2.3.0.jar;E:\maven\org\simpleframework\simple-xml\2.7.1\simple-xml-2.7.1.jar;E:\maven\stax\stax-api\1.0.1\stax-api-1.0.1.jar;E:\maven\stax\stax\1.2.0\stax-1.2.0.jar;E:\maven\xpp3\xpp3\1.1.3.3\xpp3-1.1.3.3.jar;E:\maven\com\thoughtworks\xstream\xstream\1.4.9\xstream-1.4.9.jar;E:\maven\xmlpull\xmlpull\1.1.3.1\xmlpull-1.1.3.1.jar;E:\maven\xpp3\xpp3_min\1.1.4c\xpp3_min-1.1.4c.jar;E:\maven\org\springframework\boot\spring-boot-starter-freemarker\1.5.22.RELEASE\spring-boot-starter-freemarker-1.5.22.RELEASE.jar;E:\maven\org\freemarker\freemarker\2.3.28\freemarker-2.3.28.jar;E:\maven\org\springframework\spring-context-support\4.3.25.RELEASE\spring-context-support-4.3.25.RELEASE.jar;E:\maven\org\springframework\boot\spring-boot-starter-data-redis\1.5.22.RELEASE\spring-boot-starter-data-redis-1.5.22.RELEASE.jar;E:\maven\org\springframework\data\spring-data-redis\1.8.23.RELEASE\spring-data-redis-1.8.23.RELEASE.jar;E:\maven\org\springframework\data\spring-data-keyvalue\1.2.23.RELEASE\spring-data-keyvalue-1.2.23.RELEASE.jar;E:\maven\org\springframework\spring-oxm\4.3.25.RELEASE\spring-oxm-4.3.25.RELEASE.jar;E:\maven\redis\clients\jedis\2.9.3\jedis-2.9.3.jar;E:\maven\org\apache\commons\commons-pool2\2.4.3\commons-pool2-2.4.3.jar;E:\maven\org\springframework\boot\spring-boot-starter-websocket\1.5.22.RELEASE\spring-boot-starter-websocket-1.5.22.RELEASE.jar;E:\maven\org\springframework\spring-messaging\4.3.25.RELEASE\spring-messaging-4.3.25.RELEASE.jar;E:\maven\org\springframework\spring-websocket\4.3.25.RELEASE\spring-websocket-4.3.25.RELEASE.jar;, user.name=liweihai, java.vm.specification.version=1.8, sun.java.command=E:\workspace\sell\target\surefire\surefirebooter1299369274300339966.jar E:\workspace\sell\target\surefire\surefire2285750790793175879tmp E:\workspace\sell\target\surefire\surefire_03141836598629141881tmp, java.home=E:\Program Files\Java\jdk1.8.0_161\jre, sun.arch.data.model=64, user.language=zh, java.specification.vendor=Oracle Corporation, awt.toolkit=sun.awt.windows.WToolkit, java.vm.info=mixed mode, java.version=1.8.0_161, java.ext.dirs=E:\Program Files\Java\jdk1.8.0_161\jre\lib\ext;C:\Windows\Sun\Java\lib\ext, sun.boot.class.path=E:\Program Files\Java\jdk1.8.0_161\jre\lib\resources.jar;E:\Program Files\Java\jdk1.8.0_161\jre\lib\rt.jar;E:\Program Files\Java\jdk1.8.0_161\jre\lib\sunrsasign.jar;E:\Program Files\Java\jdk1.8.0_161\jre\lib\jsse.jar;E:\Program Files\Java\jdk1.8.0_161\jre\lib\jce.jar;E:\Program Files\Java\jdk1.8.0_161\jre\lib\charsets.jar;E:\Program Files\Java\jdk1.8.0_161\jre\lib\jfr.jar;E:\Program Files\Java\jdk1.8.0_161\jre\classes, java.vendor=Oracle Corporation, localRepository=E:\maven, file.separator=\, java.vendor.url.bug=http://bugreport.sun.com/bugreport/, sun.io.unicode.encoding=UnicodeLittle, sun.cpu.endian=little, sun.desktop=windows, sun.cpu.isalist=amd64}}, SystemEnvironmentPropertySource@171497379 {name='systemEnvironment', properties={PATH=C:\ProgramData\Oracle\Java\javapath;C:\Windows\system32;C:\Windows;C:\Windows\System32\Wbem;C:\Windows\System32\WindowsPowerShell\v1.0\;C:\Windows\System32\OpenSSH\;D:\Program Files\Xshell7\;D:\Program Files\Git\cmd;D:\Program Files\PuTTY\;"E:\Program Files\Java\jdk1.8.0_161\bin;E:\Program Files\Java\jdk1.8.0_161\jre\bin;";C:\Users\liweihai\AppData\Local\Microsoft\WindowsApps;, USERDOMAIN_ROAMINGPROFILE=liweihai, PROCESSOR_LEVEL=6, SYSTEMDRIVE=C:, SESSIONNAME=Console, ALLUSERSPROFILE=C:\ProgramData, PROCESSOR_ARCHITECTURE=AMD64, GATEWAY_VM_OPTIONS=D:\Program Files\JetBrains\jihuo-tool\vmoptions\gateway.vmoptions, DRIVERDATA=C:\Windows\System32\Drivers\DriverData, =E:=E:\workspace\sell, PROGRAMFILES=C:\Program Files, __PSLOCKDOWNPOLICY=0, PSMODULEPATH=C:\Program Files\WindowsPowerShell\Modules;C:\Windows\system32\WindowsPowerShell\v1.0\Modules, RIDER_VM_OPTIONS=D:\Program Files\JetBrains\jihuo-tool\vmoptions\rider.vmoptions, PROGRAMDATA=C:\ProgramData, USERNAME=liweihai, DEVECOSTUDIO_VM_OPTIONS=D:\Program Files\JetBrains\jihuo-tool\vmoptions\devecostudio.vmoptions, STUDIO_VM_OPTIONS=D:\Program Files\JetBrains\jihuo-tool\vmoptions\studio.vmoptions, ANDROID_ADB_SERVER_PORT=5555, FPS_BROWSER_USER_PROFILE_STRING=Default, PATHEXT=.COM;.EXE;.BAT;.CMD;.VBS;.VBE;.JS;.JSE;.WSF;.WSH;.MSC, APPCODE_VM_OPTIONS=D:\Program Files\JetBrains\jihuo-tool\vmoptions\appcode.vmoptions, EFC_1732=1, WINDIR=C:\Windows, DATASPELL_VM_OPTIONS=D:\Program Files\JetBrains\jihuo-tool\vmoptions\dataspell.vmoptions, HOMEPATH=\Users\liweihai, PROCESSOR_IDENTIFIER=Intel64 Family 6 Model 183 Stepping 1, GenuineIntel, PUBLIC=C:\Users\Public, =::=::\, ZES_ENABLE_SYSMAN=1, IGCCSVC_DB=AQAAANCMnd8BFdERjHoAwE/Cl+sBAAAAqqlZLrJgCUSw0QCNDmwFFQQAAAACAAAAAAAQZgAAAAEAACAAAADUVcEmaBXv6SKv1UFc2UI2vnRTD0+QOeGkVHQMdcMUmwAAAAAOgAAAAAIAACAAAADn7TOybf18+5x19U8oxFANQ6AL67i4Ad/D1rGqBC8qumAAAAAGmvh21YAdwFBMJGSQ0KEl08IFvztzO7ju9uZJylngwOhbi4B9h5lOl8r+WgE+w9FHLO1zt18b9wR+rTbSA/SPuIZecsVsdYZ8Rs+cDQVlv1F4eOgPi5OAHVM+LWGBm9FAAAAA92lBHC4nFKVVK6GiskshWe+Fxnr1zaJF1XC7UK7tf8PInWVd55i40lPrC58N5pLMieB0ghaAj7mFAWU+hI9lCw==, LOCALAPPDATA=C:\Users\liweihai\AppData\Local, COMMONPROGRAMFILES(X86)=C:\Program Files (x86)\Common Files, USERDOMAIN=liweihai, FPS_BROWSER_APP_PROFILE_STRING=Internet Explorer, LOGONSERVER=\\LIWEIHAI, PYCHARM_VM_OPTIONS=D:\Program Files\JetBrains\jihuo-tool\vmoptions\pycharm.vmoptions, WEBSTORM_VM_OPTIONS=D:\Program Files\JetBrains\jihuo-tool\vmoptions\webstorm.vmoptions, JAVA_HOME=E:\Program Files\Java\jdk1.8.0_161, PROMPT=$P$G, CLION_VM_OPTIONS=D:\Program Files\JetBrains\jihuo-tool\vmoptions\clion.vmoptions, JETBRAINSCLIENT_VM_OPTIONS=D:\Program Files\JetBrains\jihuo-tool\vmoptions\jetbrainsclient.vmoptions, PROGRAMFILES(X86)=C:\Program Files (x86), GOLAND_VM_OPTIONS=D:\Program Files\JetBrains\jihuo-tool\vmoptions\goland.vmoptions, APPDATA=C:\Users\liweihai\AppData\Roaming, IDEA_VM_OPTIONS=D:\Program Files\JetBrains\jihuo-tool\vmoptions\idea.vmoptions, PROGRAMW6432=C:\Program Files, SYSTEMROOT=C:\Windows, RUBYMINE_VM_OPTIONS=D:\Program Files\JetBrains\jihuo-tool\vmoptions\rubymine.vmoptions, JETBRAINS_CLIENT_VM_OPTIONS=D:\Program Files\JetBrains\jihuo-tool\vmoptions\jetbrains_client.vmoptions, OS=Windows_NT, COMMONPROGRAMW6432=C:\Program Files\Common Files, COMPUTERNAME=LIWEIHAI, COMMONPROGRAMFILES=C:\Program Files\Common Files, COMSPEC=C:\Windows\system32\cmd.exe, PROCESSOR_REVISION=b701, CLASSPATH=.;E:\Program Files\Java\jdk1.8.0_161\lib\dt.jar;E:\Program Files\Java\jdk1.8.0_161\lib\tools.jar; , TEMP=C:\Users\liweihai\AppData\Local\Temp, WEBIDE_VM_OPTIONS=D:\Program Files\JetBrains\jihuo-tool\vmoptions\webide.vmoptions, HOMEDRIVE=C:, USERPROFILE=C:\Users\liweihai, TMP=C:\Users\liweihai\AppData\Local\Temp, NUMBER_OF_PROCESSORS=32, PHPSTORM_VM_OPTIONS=D:\Program Files\JetBrains\jihuo-tool\vmoptions\phpstorm.vmoptions, IDEA_INITIAL_DIRECTORY=D:\Program Files\JetBrains\IntelliJ IDEA 2021.2.3\bin}}]
01:16:22.793 [main] DEBUG org.springframework.core.io.support.PathMatchingResourcePatternResolver - Resolved classpath location [com/imooc/] to resources [URL [file:/E:/workspace/sell/target/test-classes/com/imooc/], URL [file:/E:/workspace/sell/target/classes/com/imooc/]]
01:16:22.793 [main] DEBUG org.springframework.core.io.support.PathMatchingResourcePatternResolver - Looking for matching resources in directory tree [E:\workspace\sell\target\test-classes\com\imooc]
01:16:22.793 [main] DEBUG org.springframework.core.io.support.PathMatchingResourcePatternResolver - Searching directory [E:\workspace\sell\target\test-classes\com\imooc] for files matching pattern [E:/workspace/sell/target/test-classes/com/imooc/*.class]
01:16:22.795 [main] DEBUG org.springframework.core.io.support.PathMatchingResourcePatternResolver - Looking for matching resources in directory tree [E:\workspace\sell\target\classes\com\imooc]
01:16:22.795 [main] DEBUG org.springframework.core.io.support.PathMatchingResourcePatternResolver - Searching directory [E:\workspace\sell\target\classes\com\imooc] for files matching pattern [E:/workspace/sell/target/classes/com/imooc/*.class]
01:16:22.796 [main] DEBUG org.springframework.core.io.support.PathMatchingResourcePatternResolver - Resolved location pattern [classpath*:com/imooc/*.class] to resources [file [E:\workspace\sell\target\test-classes\com\imooc\LoggerTest.class], file [E:\workspace\sell\target\test-classes\com\imooc\LoggerTest2.class], file [E:\workspace\sell\target\test-classes\com\imooc\SellApplicationTests.class], file [E:\workspace\sell\target\classes\com\imooc\SellApplication.class]]
01:16:22.816 [main] DEBUG org.springframework.context.annotation.ClassPathScanningCandidateComponentProvider - Identified candidate component class: file [E:\workspace\sell\target\classes\com\imooc\SellApplication.class]
01:16:22.816 [main] INFO org.springframework.boot.test.context.SpringBootTestContextBootstrapper - Found @SpringBootConfiguration com.imooc.SellApplication for test class com.imooc.LoggerTest
01:16:22.818 [main] DEBUG org.springframework.boot.test.context.SpringBootTestContextBootstrapper - @TestExecutionListeners is not present for class [com.imooc.LoggerTest]: using defaults.
01:16:22.820 [main] INFO org.springframework.boot.test.context.SpringBootTestContextBootstrapper - Loaded default TestExecutionListener class names from location [META-INF/spring.factories]: [org.springframework.boot.test.mock.mockito.MockitoTestExecutionListener, org.springframework.boot.test.mock.mockito.ResetMocksTestExecutionListener, org.springframework.boot.test.autoconfigure.restdocs.RestDocsTestExecutionListener, org.springframework.boot.test.autoconfigure.web.client.MockRestServiceServerResetTestExecutionListener, org.springframework.boot.test.autoconfigure.web.servlet.MockMvcPrintOnlyOnFailureTestExecutionListener, org.springframework.boot.test.autoconfigure.web.servlet.WebDriverTestExecutionListener, org.springframework.test.context.web.ServletTestExecutionListener, org.springframework.test.context.support.DirtiesContextBeforeModesTestExecutionListener, org.springframework.test.context.support.DependencyInjectionTestExecutionListener, org.springframework.test.context.support.DirtiesContextTestExecutionListener, org.springframework.test.context.transaction.TransactionalTestExecutionListener, org.springframework.test.context.jdbc.SqlScriptsTestExecutionListener]
01:16:22.828 [main] INFO org.springframework.boot.test.context.SpringBootTestContextBootstrapper - Using TestExecutionListeners: [org.springframework.test.context.web.ServletTestExecutionListener@67e2d983, org.springframework.test.context.support.DirtiesContextBeforeModesTestExecutionListener@5d47c63f, org.springframework.boot.test.mock.mockito.MockitoTestExecutionListener@5ea434c8, org.springframework.boot.test.autoconfigure.SpringBootDependencyInjectionTestExecutionListener@3bbc39f8, org.springframework.test.context.support.DirtiesContextTestExecutionListener@4ae3c1cd, org.springframework.test.context.transaction.TransactionalTestExecutionListener@29f69090, org.springframework.test.context.jdbc.SqlScriptsTestExecutionListener@568bf312, org.springframework.boot.test.mock.mockito.ResetMocksTestExecutionListener@ca263c2, org.springframework.boot.test.autoconfigure.restdocs.RestDocsTestExecutionListener@589b3632, org.springframework.boot.test.autoconfigure.web.client.MockRestServiceServerResetTestExecutionListener@45f45fa1, org.springframework.boot.test.autoconfigure.web.servlet.MockMvcPrintOnlyOnFailureTestExecutionListener@4c6e276e, org.springframework.boot.test.autoconfigure.web.servlet.WebDriverTestExecutionListener@534df152]
01:16:22.830 [main] DEBUG org.springframework.test.context.junit4.SpringJUnit4ClassRunner - SpringJUnit4ClassRunner constructor called with [class com.imooc.repository.OrderDetailRepositoryTest]
01:16:22.830 [main] DEBUG org.springframework.test.context.BootstrapUtils - Instantiating CacheAwareContextLoaderDelegate from class [org.springframework.test.context.cache.DefaultCacheAwareContextLoaderDelegate]
01:16:22.830 [main] DEBUG org.springframework.test.context.BootstrapUtils - Instantiating BootstrapContext using constructor [public org.springframework.test.context.support.DefaultBootstrapContext(java.lang.Class,org.springframework.test.context.CacheAwareContextLoaderDelegate)]
01:16:22.830 [main] DEBUG org.springframework.test.context.BootstrapUtils - Instantiating TestContextBootstrapper for test class [com.imooc.repository.OrderDetailRepositoryTest] from class [org.springframework.boot.test.context.SpringBootTestContextBootstrapper]
01:16:22.830 [main] INFO org.springframework.boot.test.context.SpringBootTestContextBootstrapper - Neither @ContextConfiguration nor @ContextHierarchy found for test class [com.imooc.repository.OrderDetailRepositoryTest], using SpringBootContextLoader
01:16:22.831 [main] DEBUG org.springframework.test.context.support.AbstractContextLoader - Did not detect default resource location for test class [com.imooc.repository.OrderDetailRepositoryTest]: class path resource [com/imooc/repository/OrderDetailRepositoryTest-context.xml] does not exist
01:16:22.831 [main] DEBUG org.springframework.test.context.support.AbstractContextLoader - Did not detect default resource location for test class [com.imooc.repository.OrderDetailRepositoryTest]: class path resource [com/imooc/repository/OrderDetailRepositoryTestContext.groovy] does not exist
01:16:22.831 [main] INFO org.springframework.test.context.support.AbstractContextLoader - Could not detect default resource locations for test class [com.imooc.repository.OrderDetailRepositoryTest]: no resource found for suffixes {-context.xml, Context.groovy}.
01:16:22.831 [main] INFO org.springframework.test.context.support.AnnotationConfigContextLoaderUtils - Could not detect default configuration classes for test class [com.imooc.repository.OrderDetailRepositoryTest]: OrderDetailRepositoryTest does not declare any static, non-private, non-final, nested classes annotated with @Configuration.
01:16:22.832 [main] DEBUG org.springframework.test.context.support.ActiveProfilesUtils - Could not find an 'annotation declaring class' for annotation type [org.springframework.test.context.ActiveProfiles] and class [com.imooc.repository.OrderDetailRepositoryTest]
01:16:22.833 [main] DEBUG org.springframework.core.env.StandardEnvironment - Adding PropertySource 'systemProperties' with lowest search precedence
01:16:22.833 [main] DEBUG org.springframework.core.env.StandardEnvironment - Adding PropertySource 'systemEnvironment' with lowest search precedence
01:16:22.833 [main] DEBUG org.springframework.core.env.StandardEnvironment - Initialized StandardEnvironment with PropertySources [MapPropertySource@1054932644 {name='systemProperties', properties={idea.version=2021.2.3, java.runtime.name=Java(TM) SE Runtime Environment, sun.boot.library.path=E:\Program Files\Java\jdk1.8.0_161\jre\bin, java.vm.version=25.161-b12, java.vm.vendor=Oracle Corporation, java.vendor.url=http://java.oracle.com/, path.separator=;, java.vm.name=Java HotSpot(TM) 64-Bit Server VM, file.encoding.pkg=sun.io, user.country=CN, user.script=, sun.java.launcher=SUN_STANDARD, sun.os.patch.level=, java.vm.specification.name=Java Virtual Machine Specification, user.dir=E:\workspace\sell, java.runtime.version=1.8.0_161-b12, basedir=E:\workspace\sell, java.awt.graphicsenv=sun.awt.Win32GraphicsEnvironment, java.endorsed.dirs=E:\Program Files\Java\jdk1.8.0_161\jre\lib\endorsed, os.arch=amd64, surefire.real.class.path=E:\workspace\sell\target\surefire\surefirebooter1299369274300339966.jar, java.io.tmpdir=C:\Users\liweihai\AppData\Local\Temp\, line.separator=
, java.vm.specification.vendor=Oracle Corporation, user.variant=, os.name=Windows 10, sun.jnu.encoding=GBK, java.library.path=E:\Program Files\Java\jdk1.8.0_161\jre\bin;C:\Windows\Sun\Java\bin;C:\Windows\system32;C:\Windows;C:\ProgramData\Oracle\Java\javapath;C:\Windows\system32;C:\Windows;C:\Windows\System32\Wbem;C:\Windows\System32\WindowsPowerShell\v1.0\;C:\Windows\System32\OpenSSH\;D:\Program Files\Xshell7\;D:\Program Files\Git\cmd;D:\Program Files\PuTTY\;"E:\Program Files\Java\jdk1.8.0_161\bin;E:\Program Files\Java\jdk1.8.0_161\jre\bin;";C:\Users\liweihai\AppData\Local\Microsoft\WindowsApps;;., surefire.test.class.path=E:\workspace\sell\target\test-classes;E:\workspace\sell\target\classes;E:\maven\org\springframework\boot\spring-boot-starter-web\1.5.22.RELEASE\spring-boot-starter-web-1.5.22.RELEASE.jar;E:\maven\org\springframework\boot\spring-boot-starter\1.5.22.RELEASE\spring-boot-starter-1.5.22.RELEASE.jar;E:\maven\org\springframework\boot\spring-boot\1.5.22.RELEASE\spring-boot-1.5.22.RELEASE.jar;E:\maven\org\springframework\boot\spring-boot-autoconfigure\1.5.22.RELEASE\spring-boot-autoconfigure-1.5.22.RELEASE.jar;E:\maven\org\springframework\boot\spring-boot-starter-logging\1.5.22.RELEASE\spring-boot-starter-logging-1.5.22.RELEASE.jar;E:\maven\ch\qos\logback\logback-classic\1.1.11\logback-classic-1.1.11.jar;E:\maven\ch\qos\logback\logback-core\1.1.11\logback-core-1.1.11.jar;E:\maven\org\slf4j\jul-to-slf4j\1.7.26\jul-to-slf4j-1.7.26.jar;E:\maven\org\slf4j\log4j-over-slf4j\1.7.26\log4j-over-slf4j-1.7.26.jar;E:\maven\org\yaml\snakeyaml\1.17\snakeyaml-1.17.jar;E:\maven\org\springframework\boot\spring-boot-starter-tomcat\1.5.22.RELEASE\spring-boot-starter-tomcat-1.5.22.RELEASE.jar;E:\maven\org\apache\tomcat\embed\tomcat-embed-el\8.5.43\tomcat-embed-el-8.5.43.jar;E:\maven\org\apache\tomcat\embed\tomcat-embed-websocket\8.5.43\tomcat-embed-websocket-8.5.43.jar;E:\maven\org\hibernate\hibernate-validator\5.3.6.Final\hibernate-validator-5.3.6.Final.jar;E:\maven\javax\validation\validation-api\1.1.0.Final\validation-api-1.1.0.Final.jar;E:\maven\org\jboss\logging\jboss-logging\3.3.2.Final\jboss-logging-3.3.2.Final.jar;E:\maven\com\fasterxml\classmate\1.3.4\classmate-1.3.4.jar;E:\maven\com\fasterxml\jackson\core\jackson-databind\2.8.11.3\jackson-databind-2.8.11.3.jar;E:\maven\com\fasterxml\jackson\core\jackson-annotations\2.8.0\jackson-annotations-2.8.0.jar;E:\maven\org\springframework\spring-web\4.3.25.RELEASE\spring-web-4.3.25.RELEASE.jar;E:\maven\org\springframework\spring-aop\4.3.25.RELEASE\spring-aop-4.3.25.RELEASE.jar;E:\maven\org\springframework\spring-beans\4.3.25.RELEASE\spring-beans-4.3.25.RELEASE.jar;E:\maven\org\springframework\spring-context\4.3.25.RELEASE\spring-context-4.3.25.RELEASE.jar;E:\maven\org\springframework\spring-webmvc\4.3.25.RELEASE\spring-webmvc-4.3.25.RELEASE.jar;E:\maven\org\springframework\spring-expression\4.3.25.RELEASE\spring-expression-4.3.25.RELEASE.jar;E:\maven\org\springframework\boot\spring-boot-starter-test\1.5.22.RELEASE\spring-boot-starter-test-1.5.22.RELEASE.jar;E:\maven\org\springframework\boot\spring-boot-test\1.5.22.RELEASE\spring-boot-test-1.5.22.RELEASE.jar;E:\maven\org\springframework\boot\spring-boot-test-autoconfigure\1.5.22.RELEASE\spring-boot-test-autoconfigure-1.5.22.RELEASE.jar;E:\maven\com\jayway\jsonpath\json-path\2.2.0\json-path-2.2.0.jar;E:\maven\net\minidev\json-smart\2.2.1\json-smart-2.2.1.jar;E:\maven\net\minidev\accessors-smart\1.1\accessors-smart-1.1.jar;E:\maven\org\ow2\asm\asm\5.0.3\asm-5.0.3.jar;E:\maven\junit\junit\4.12\junit-4.12.jar;E:\maven\org\assertj\assertj-core\2.6.0\assertj-core-2.6.0.jar;E:\maven\org\mockito\mockito-core\1.10.19\mockito-core-1.10.19.jar;E:\maven\org\objenesis\objenesis\2.1\objenesis-2.1.jar;E:\maven\org\hamcrest\hamcrest-core\1.3\hamcrest-core-1.3.jar;E:\maven\org\hamcrest\hamcrest-library\1.3\hamcrest-library-1.3.jar;E:\maven\org\skyscreamer\jsonassert\1.4.0\jsonassert-1.4.0.jar;E:\maven\com\vaadin\external\google\android-json\0.0.20131108.vaadin1\android-json-0.0.20131108.vaadin1.jar;E:\maven\org\springframework\spring-core\4.3.25.RELEASE\spring-core-4.3.25.RELEASE.jar;E:\maven\org\springframework\spring-test\4.3.25.RELEASE\spring-test-4.3.25.RELEASE.jar;E:\maven\mysql\mysql-connector-java\5.1.48\mysql-connector-java-5.1.48.jar;E:\maven\org\springframework\boot\spring-boot-starter-data-jpa\1.5.22.RELEASE\spring-boot-starter-data-jpa-1.5.22.RELEASE.jar;E:\maven\org\springframework\boot\spring-boot-starter-aop\1.5.22.RELEASE\spring-boot-starter-aop-1.5.22.RELEASE.jar;E:\maven\org\aspectj\aspectjweaver\1.8.14\aspectjweaver-1.8.14.jar;E:\maven\org\springframework\boot\spring-boot-starter-jdbc\1.5.22.RELEASE\spring-boot-starter-jdbc-1.5.22.RELEASE.jar;E:\maven\org\apache\tomcat\tomcat-jdbc\8.5.43\tomcat-jdbc-8.5.43.jar;E:\maven\org\apache\tomcat\tomcat-juli\8.5.43\tomcat-juli-8.5.43.jar;E:\maven\org\springframework\spring-jdbc\4.3.25.RELEASE\spring-jdbc-4.3.25.RELEASE.jar;E:\maven\org\hibernate\hibernate-core\5.0.12.Final\hibernate-core-5.0.12.Final.jar;E:\maven\org\hibernate\javax\persistence\hibernate-jpa-2.1-api\1.0.0.Final\hibernate-jpa-2.1-api-1.0.0.Final.jar;E:\maven\org\javassist\javassist\3.21.0-GA\javassist-3.21.0-GA.jar;E:\maven\antlr\antlr\2.7.7\antlr-2.7.7.jar;E:\maven\org\jboss\jandex\2.0.0.Final\jandex-2.0.0.Final.jar;E:\maven\dom4j\dom4j\1.6.1\dom4j-1.6.1.jar;E:\maven\org\hibernate\common\hibernate-commons-annotations\5.0.1.Final\hibernate-commons-annotations-5.0.1.Final.jar;E:\maven\org\hibernate\hibernate-entitymanager\5.0.12.Final\hibernate-entitymanager-5.0.12.Final.jar;E:\maven\javax\transaction\javax.transaction-api\1.2\javax.transaction-api-1.2.jar;E:\maven\org\springframework\data\spring-data-jpa\1.11.23.RELEASE\spring-data-jpa-1.11.23.RELEASE.jar;E:\maven\org\springframework\data\spring-data-commons\1.13.23.RELEASE\spring-data-commons-1.13.23.RELEASE.jar;E:\maven\org\springframework\spring-orm\4.3.25.RELEASE\spring-orm-4.3.25.RELEASE.jar;E:\maven\org\springframework\spring-tx\4.3.25.RELEASE\spring-tx-4.3.25.RELEASE.jar;E:\maven\org\slf4j\jcl-over-slf4j\1.7.26\jcl-over-slf4j-1.7.26.jar;E:\maven\org\springframework\spring-aspects\4.3.25.RELEASE\spring-aspects-4.3.25.RELEASE.jar;E:\maven\org\projectlombok\lombok\1.16.22\lombok-1.16.22.jar;E:\maven\com\google\code\gson\gson\2.8.5\gson-2.8.5.jar;E:\maven\com\github\binarywang\weixin-java-mp\2.7.0\weixin-java-mp-2.7.0.jar;E:\maven\com\github\binarywang\weixin-java-common\2.7.0\weixin-java-common-2.7.0.jar;E:\maven\org\apache\httpcomponents\httpmime\4.5.9\httpmime-4.5.9.jar;E:\maven\commons-codec\commons-codec\1.10\commons-codec-1.10.jar;E:\maven\commons-io\commons-io\2.5\commons-io-2.5.jar;E:\maven\com\google\guava\guava\20.0\guava-20.0.jar;E:\maven\cn\springboot\best-pay-sdk\1.1.0\best-pay-sdk-1.1.0.jar;E:\maven\org\apache\commons\commons-lang3\3.5\commons-lang3-3.5.jar;E:\maven\org\apache\httpcomponents\httpclient\4.5.9\httpclient-4.5.9.jar;E:\maven\org\apache\httpcomponents\httpcore\4.4.11\httpcore-4.4.11.jar;E:\maven\org\glassfish\jersey\core\jersey-client\2.25.1\jersey-client-2.25.1.jar;E:\maven\javax\ws\rs\javax.ws.rs-api\2.0.1\javax.ws.rs-api-2.0.1.jar;E:\maven\org\glassfish\jersey\core\jersey-common\2.25.1\jersey-common-2.25.1.jar;E:\maven\javax\annotation\javax.annotation-api\1.2\javax.annotation-api-1.2.jar;E:\maven\org\glassfish\jersey\bundles\repackaged\jersey-guava\2.25.1\jersey-guava-2.25.1.jar;E:\maven\org\glassfish\hk2\osgi-resource-locator\1.0.1\osgi-resource-locator-1.0.1.jar;E:\maven\org\glassfish\hk2\hk2-api\2.5.0-b32\hk2-api-2.5.0-b32.jar;E:\maven\org\glassfish\hk2\hk2-utils\2.5.0-b32\hk2-utils-2.5.0-b32.jar;E:\maven\org\glassfish\hk2\external\aopalliance-repackaged\2.5.0-b32\aopalliance-repackaged-2.5.0-b32.jar;E:\maven\org\glassfish\hk2\external\javax.inject\2.5.0-b32\javax.inject-2.5.0-b32.jar;E:\maven\org\glassfish\hk2\hk2-locator\2.5.0-b32\hk2-locator-2.5.0-b32.jar;E:\maven\org\glassfish\jersey\connectors\jersey-apache-connector\2.23.2\jersey-apache-connector-2.23.2.jar;E:\maven\com\fasterxml\jackson\core\jackson-core\2.8.11\jackson-core-2.8.11.jar;E:\maven\org\slf4j\slf4j-api\1.7.26\slf4j-api-1.7.26.jar;E:\maven\joda-time\joda-time\2.9.9\joda-time-2.9.9.jar;E:\maven\org\apache\tomcat\embed\tomcat-embed-core\8.5.43\tomcat-embed-core-8.5.43.jar;E:\maven\org\apache\tomcat\tomcat-annotations-api\8.5.43\tomcat-annotations-api-8.5.43.jar;E:\maven\com\squareup\retrofit2\retrofit\2.3.0\retrofit-2.3.0.jar;E:\maven\com\squareup\okhttp3\okhttp\3.8.0\okhttp-3.8.0.jar;E:\maven\com\squareup\okio\okio\1.13.0\okio-1.13.0.jar;E:\maven\com\squareup\retrofit2\converter-simplexml\2.3.0\converter-simplexml-2.3.0.jar;E:\maven\org\simpleframework\simple-xml\2.7.1\simple-xml-2.7.1.jar;E:\maven\stax\stax-api\1.0.1\stax-api-1.0.1.jar;E:\maven\stax\stax\1.2.0\stax-1.2.0.jar;E:\maven\xpp3\xpp3\1.1.3.3\xpp3-1.1.3.3.jar;E:\maven\com\thoughtworks\xstream\xstream\1.4.9\xstream-1.4.9.jar;E:\maven\xmlpull\xmlpull\1.1.3.1\xmlpull-1.1.3.1.jar;E:\maven\xpp3\xpp3_min\1.1.4c\xpp3_min-1.1.4c.jar;E:\maven\org\springframework\boot\spring-boot-starter-freemarker\1.5.22.RELEASE\spring-boot-starter-freemarker-1.5.22.RELEASE.jar;E:\maven\org\freemarker\freemarker\2.3.28\freemarker-2.3.28.jar;E:\maven\org\springframework\spring-context-support\4.3.25.RELEASE\spring-context-support-4.3.25.RELEASE.jar;E:\maven\org\springframework\boot\spring-boot-starter-data-redis\1.5.22.RELEASE\spring-boot-starter-data-redis-1.5.22.RELEASE.jar;E:\maven\org\springframework\data\spring-data-redis\1.8.23.RELEASE\spring-data-redis-1.8.23.RELEASE.jar;E:\maven\org\springframework\data\spring-data-keyvalue\1.2.23.RELEASE\spring-data-keyvalue-1.2.23.RELEASE.jar;E:\maven\org\springframework\spring-oxm\4.3.25.RELEASE\spring-oxm-4.3.25.RELEASE.jar;E:\maven\redis\clients\jedis\2.9.3\jedis-2.9.3.jar;E:\maven\org\apache\commons\commons-pool2\2.4.3\commons-pool2-2.4.3.jar;E:\maven\org\springframework\boot\spring-boot-starter-websocket\1.5.22.RELEASE\spring-boot-starter-websocket-1.5.22.RELEASE.jar;E:\maven\org\springframework\spring-messaging\4.3.25.RELEASE\spring-messaging-4.3.25.RELEASE.jar;E:\maven\org\springframework\spring-websocket\4.3.25.RELEASE\spring-websocket-4.3.25.RELEASE.jar;, java.specification.name=Java Platform API Specification, java.class.version=52.0, sun.management.compiler=HotSpot 64-Bit Tiered Compilers, os.version=10.0, user.home=C:\Users\liweihai, user.timezone=Asia/Shanghai, java.awt.printerjob=sun.awt.windows.WPrinterJob, file.encoding=GBK, java.specification.version=1.8, java.class.path=E:\workspace\sell\target\test-classes;E:\workspace\sell\target\classes;E:\maven\org\springframework\boot\spring-boot-starter-web\1.5.22.RELEASE\spring-boot-starter-web-1.5.22.RELEASE.jar;E:\maven\org\springframework\boot\spring-boot-starter\1.5.22.RELEASE\spring-boot-starter-1.5.22.RELEASE.jar;E:\maven\org\springframework\boot\spring-boot\1.5.22.RELEASE\spring-boot-1.5.22.RELEASE.jar;E:\maven\org\springframework\boot\spring-boot-autoconfigure\1.5.22.RELEASE\spring-boot-autoconfigure-1.5.22.RELEASE.jar;E:\maven\org\springframework\boot\spring-boot-starter-logging\1.5.22.RELEASE\spring-boot-starter-logging-1.5.22.RELEASE.jar;E:\maven\ch\qos\logback\logback-classic\1.1.11\logback-classic-1.1.11.jar;E:\maven\ch\qos\logback\logback-core\1.1.11\logback-core-1.1.11.jar;E:\maven\org\slf4j\jul-to-slf4j\1.7.26\jul-to-slf4j-1.7.26.jar;E:\maven\org\slf4j\log4j-over-slf4j\1.7.26\log4j-over-slf4j-1.7.26.jar;E:\maven\org\yaml\snakeyaml\1.17\snakeyaml-1.17.jar;E:\maven\org\springframework\boot\spring-boot-starter-tomcat\1.5.22.RELEASE\spring-boot-starter-tomcat-1.5.22.RELEASE.jar;E:\maven\org\apache\tomcat\embed\tomcat-embed-el\8.5.43\tomcat-embed-el-8.5.43.jar;E:\maven\org\apache\tomcat\embed\tomcat-embed-websocket\8.5.43\tomcat-embed-websocket-8.5.43.jar;E:\maven\org\hibernate\hibernate-validator\5.3.6.Final\hibernate-validator-5.3.6.Final.jar;E:\maven\javax\validation\validation-api\1.1.0.Final\validation-api-1.1.0.Final.jar;E:\maven\org\jboss\logging\jboss-logging\3.3.2.Final\jboss-logging-3.3.2.Final.jar;E:\maven\com\fasterxml\classmate\1.3.4\classmate-1.3.4.jar;E:\maven\com\fasterxml\jackson\core\jackson-databind\2.8.11.3\jackson-databind-2.8.11.3.jar;E:\maven\com\fasterxml\jackson\core\jackson-annotations\2.8.0\jackson-annotations-2.8.0.jar;E:\maven\org\springframework\spring-web\4.3.25.RELEASE\spring-web-4.3.25.RELEASE.jar;E:\maven\org\springframework\spring-aop\4.3.25.RELEASE\spring-aop-4.3.25.RELEASE.jar;E:\maven\org\springframework\spring-beans\4.3.25.RELEASE\spring-beans-4.3.25.RELEASE.jar;E:\maven\org\springframework\spring-context\4.3.25.RELEASE\spring-context-4.3.25.RELEASE.jar;E:\maven\org\springframework\spring-webmvc\4.3.25.RELEASE\spring-webmvc-4.3.25.RELEASE.jar;E:\maven\org\springframework\spring-expression\4.3.25.RELEASE\spring-expression-4.3.25.RELEASE.jar;E:\maven\org\springframework\boot\spring-boot-starter-test\1.5.22.RELEASE\spring-boot-starter-test-1.5.22.RELEASE.jar;E:\maven\org\springframework\boot\spring-boot-test\1.5.22.RELEASE\spring-boot-test-1.5.22.RELEASE.jar;E:\maven\org\springframework\boot\spring-boot-test-autoconfigure\1.5.22.RELEASE\spring-boot-test-autoconfigure-1.5.22.RELEASE.jar;E:\maven\com\jayway\jsonpath\json-path\2.2.0\json-path-2.2.0.jar;E:\maven\net\minidev\json-smart\2.2.1\json-smart-2.2.1.jar;E:\maven\net\minidev\accessors-smart\1.1\accessors-smart-1.1.jar;E:\maven\org\ow2\asm\asm\5.0.3\asm-5.0.3.jar;E:\maven\junit\junit\4.12\junit-4.12.jar;E:\maven\org\assertj\assertj-core\2.6.0\assertj-core-2.6.0.jar;E:\maven\org\mockito\mockito-core\1.10.19\mockito-core-1.10.19.jar;E:\maven\org\objenesis\objenesis\2.1\objenesis-2.1.jar;E:\maven\org\hamcrest\hamcrest-core\1.3\hamcrest-core-1.3.jar;E:\maven\org\hamcrest\hamcrest-library\1.3\hamcrest-library-1.3.jar;E:\maven\org\skyscreamer\jsonassert\1.4.0\jsonassert-1.4.0.jar;E:\maven\com\vaadin\external\google\android-json\0.0.20131108.vaadin1\android-json-0.0.20131108.vaadin1.jar;E:\maven\org\springframework\spring-core\4.3.25.RELEASE\spring-core-4.3.25.RELEASE.jar;E:\maven\org\springframework\spring-test\4.3.25.RELEASE\spring-test-4.3.25.RELEASE.jar;E:\maven\mysql\mysql-connector-java\5.1.48\mysql-connector-java-5.1.48.jar;E:\maven\org\springframework\boot\spring-boot-starter-data-jpa\1.5.22.RELEASE\spring-boot-starter-data-jpa-1.5.22.RELEASE.jar;E:\maven\org\springframework\boot\spring-boot-starter-aop\1.5.22.RELEASE\spring-boot-starter-aop-1.5.22.RELEASE.jar;E:\maven\org\aspectj\aspectjweaver\1.8.14\aspectjweaver-1.8.14.jar;E:\maven\org\springframework\boot\spring-boot-starter-jdbc\1.5.22.RELEASE\spring-boot-starter-jdbc-1.5.22.RELEASE.jar;E:\maven\org\apache\tomcat\tomcat-jdbc\8.5.43\tomcat-jdbc-8.5.43.jar;E:\maven\org\apache\tomcat\tomcat-juli\8.5.43\tomcat-juli-8.5.43.jar;E:\maven\org\springframework\spring-jdbc\4.3.25.RELEASE\spring-jdbc-4.3.25.RELEASE.jar;E:\maven\org\hibernate\hibernate-core\5.0.12.Final\hibernate-core-5.0.12.Final.jar;E:\maven\org\hibernate\javax\persistence\hibernate-jpa-2.1-api\1.0.0.Final\hibernate-jpa-2.1-api-1.0.0.Final.jar;E:\maven\org\javassist\javassist\3.21.0-GA\javassist-3.21.0-GA.jar;E:\maven\antlr\antlr\2.7.7\antlr-2.7.7.jar;E:\maven\org\jboss\jandex\2.0.0.Final\jandex-2.0.0.Final.jar;E:\maven\dom4j\dom4j\1.6.1\dom4j-1.6.1.jar;E:\maven\org\hibernate\common\hibernate-commons-annotations\5.0.1.Final\hibernate-commons-annotations-5.0.1.Final.jar;E:\maven\org\hibernate\hibernate-entitymanager\5.0.12.Final\hibernate-entitymanager-5.0.12.Final.jar;E:\maven\javax\transaction\javax.transaction-api\1.2\javax.transaction-api-1.2.jar;E:\maven\org\springframework\data\spring-data-jpa\1.11.23.RELEASE\spring-data-jpa-1.11.23.RELEASE.jar;E:\maven\org\springframework\data\spring-data-commons\1.13.23.RELEASE\spring-data-commons-1.13.23.RELEASE.jar;E:\maven\org\springframework\spring-orm\4.3.25.RELEASE\spring-orm-4.3.25.RELEASE.jar;E:\maven\org\springframework\spring-tx\4.3.25.RELEASE\spring-tx-4.3.25.RELEASE.jar;E:\maven\org\slf4j\jcl-over-slf4j\1.7.26\jcl-over-slf4j-1.7.26.jar;E:\maven\org\springframework\spring-aspects\4.3.25.RELEASE\spring-aspects-4.3.25.RELEASE.jar;E:\maven\org\projectlombok\lombok\1.16.22\lombok-1.16.22.jar;E:\maven\com\google\code\gson\gson\2.8.5\gson-2.8.5.jar;E:\maven\com\github\binarywang\weixin-java-mp\2.7.0\weixin-java-mp-2.7.0.jar;E:\maven\com\github\binarywang\weixin-java-common\2.7.0\weixin-java-common-2.7.0.jar;E:\maven\org\apache\httpcomponents\httpmime\4.5.9\httpmime-4.5.9.jar;E:\maven\commons-codec\commons-codec\1.10\commons-codec-1.10.jar;E:\maven\commons-io\commons-io\2.5\commons-io-2.5.jar;E:\maven\com\google\guava\guava\20.0\guava-20.0.jar;E:\maven\cn\springboot\best-pay-sdk\1.1.0\best-pay-sdk-1.1.0.jar;E:\maven\org\apache\commons\commons-lang3\3.5\commons-lang3-3.5.jar;E:\maven\org\apache\httpcomponents\httpclient\4.5.9\httpclient-4.5.9.jar;E:\maven\org\apache\httpcomponents\httpcore\4.4.11\httpcore-4.4.11.jar;E:\maven\org\glassfish\jersey\core\jersey-client\2.25.1\jersey-client-2.25.1.jar;E:\maven\javax\ws\rs\javax.ws.rs-api\2.0.1\javax.ws.rs-api-2.0.1.jar;E:\maven\org\glassfish\jersey\core\jersey-common\2.25.1\jersey-common-2.25.1.jar;E:\maven\javax\annotation\javax.annotation-api\1.2\javax.annotation-api-1.2.jar;E:\maven\org\glassfish\jersey\bundles\repackaged\jersey-guava\2.25.1\jersey-guava-2.25.1.jar;E:\maven\org\glassfish\hk2\osgi-resource-locator\1.0.1\osgi-resource-locator-1.0.1.jar;E:\maven\org\glassfish\hk2\hk2-api\2.5.0-b32\hk2-api-2.5.0-b32.jar;E:\maven\org\glassfish\hk2\hk2-utils\2.5.0-b32\hk2-utils-2.5.0-b32.jar;E:\maven\org\glassfish\hk2\external\aopalliance-repackaged\2.5.0-b32\aopalliance-repackaged-2.5.0-b32.jar;E:\maven\org\glassfish\hk2\external\javax.inject\2.5.0-b32\javax.inject-2.5.0-b32.jar;E:\maven\org\glassfish\hk2\hk2-locator\2.5.0-b32\hk2-locator-2.5.0-b32.jar;E:\maven\org\glassfish\jersey\connectors\jersey-apache-connector\2.23.2\jersey-apache-connector-2.23.2.jar;E:\maven\com\fasterxml\jackson\core\jackson-core\2.8.11\jackson-core-2.8.11.jar;E:\maven\org\slf4j\slf4j-api\1.7.26\slf4j-api-1.7.26.jar;E:\maven\joda-time\joda-time\2.9.9\joda-time-2.9.9.jar;E:\maven\org\apache\tomcat\embed\tomcat-embed-core\8.5.43\tomcat-embed-core-8.5.43.jar;E:\maven\org\apache\tomcat\tomcat-annotations-api\8.5.43\tomcat-annotations-api-8.5.43.jar;E:\maven\com\squareup\retrofit2\retrofit\2.3.0\retrofit-2.3.0.jar;E:\maven\com\squareup\okhttp3\okhttp\3.8.0\okhttp-3.8.0.jar;E:\maven\com\squareup\okio\okio\1.13.0\okio-1.13.0.jar;E:\maven\com\squareup\retrofit2\converter-simplexml\2.3.0\converter-simplexml-2.3.0.jar;E:\maven\org\simpleframework\simple-xml\2.7.1\simple-xml-2.7.1.jar;E:\maven\stax\stax-api\1.0.1\stax-api-1.0.1.jar;E:\maven\stax\stax\1.2.0\stax-1.2.0.jar;E:\maven\xpp3\xpp3\1.1.3.3\xpp3-1.1.3.3.jar;E:\maven\com\thoughtworks\xstream\xstream\1.4.9\xstream-1.4.9.jar;E:\maven\xmlpull\xmlpull\1.1.3.1\xmlpull-1.1.3.1.jar;E:\maven\xpp3\xpp3_min\1.1.4c\xpp3_min-1.1.4c.jar;E:\maven\org\springframework\boot\spring-boot-starter-freemarker\1.5.22.RELEASE\spring-boot-starter-freemarker-1.5.22.RELEASE.jar;E:\maven\org\freemarker\freemarker\2.3.28\freemarker-2.3.28.jar;E:\maven\org\springframework\spring-context-support\4.3.25.RELEASE\spring-context-support-4.3.25.RELEASE.jar;E:\maven\org\springframework\boot\spring-boot-starter-data-redis\1.5.22.RELEASE\spring-boot-starter-data-redis-1.5.22.RELEASE.jar;E:\maven\org\springframework\data\spring-data-redis\1.8.23.RELEASE\spring-data-redis-1.8.23.RELEASE.jar;E:\maven\org\springframework\data\spring-data-keyvalue\1.2.23.RELEASE\spring-data-keyvalue-1.2.23.RELEASE.jar;E:\maven\org\springframework\spring-oxm\4.3.25.RELEASE\spring-oxm-4.3.25.RELEASE.jar;E:\maven\redis\clients\jedis\2.9.3\jedis-2.9.3.jar;E:\maven\org\apache\commons\commons-pool2\2.4.3\commons-pool2-2.4.3.jar;E:\maven\org\springframework\boot\spring-boot-starter-websocket\1.5.22.RELEASE\spring-boot-starter-websocket-1.5.22.RELEASE.jar;E:\maven\org\springframework\spring-messaging\4.3.25.RELEASE\spring-messaging-4.3.25.RELEASE.jar;E:\maven\org\springframework\spring-websocket\4.3.25.RELEASE\spring-websocket-4.3.25.RELEASE.jar;, user.name=liweihai, java.vm.specification.version=1.8, sun.java.command=E:\workspace\sell\target\surefire\surefirebooter1299369274300339966.jar E:\workspace\sell\target\surefire\surefire2285750790793175879tmp E:\workspace\sell\targ
[...]
	at org.springframework.test.context.junit4.SpringJUnit4ClassRunner.runChild(SpringJUnit4ClassRunner.java:94)
	at org.junit.runners.ParentRunner$3.run(ParentRunner.java:290)
	at org.junit.runners.ParentRunner$1.schedule(ParentRunner.java:71)
	at org.junit.runners.ParentRunner.runChildren(ParentRunner.java:288)
	at org.junit.runners.ParentRunner.access$000(ParentRunner.java:58)
	at org.junit.runners.ParentRunner$2.evaluate(ParentRunner.java:268)
	at org.springframework.test.context.junit4.statements.RunBeforeTestClassCallbacks.evaluate(RunBeforeTestClassCallbacks.java:61)
	at org.springframework.test.context.junit4.statements.RunAfterTestClassCallbacks.evaluate(RunAfterTestClassCallbacks.java:70)
	at org.junit.runners.ParentRunner.run(ParentRunner.java:363)
	at org.springframework.test.context.junit4.SpringJUnit4ClassRunner.run(SpringJUnit4ClassRunner.java:191)
	at org.apache.maven.surefire.junit4.JUnit4Provider.execute(JUnit4Provider.java:283)
	at org.apache.maven.surefire.junit4.JUnit4Provider.executeWithRerun(JUnit4Provider.java:173)
	at org.apache.maven.surefire.junit4.JUnit4Provider.executeTestSet(JUnit4Provider.java:153)
	at org.apache.maven.surefire.junit4.JUnit4Provider.invoke(JUnit4Provider.java:128)
	at org.apache.maven.surefire.booter.ForkedBooter.invokeProviderInSameClassLoader(ForkedBooter.java:203)
	at org.apache.maven.surefire.booter.ForkedBooter.runSuitesInProcess(ForkedBooter.java:155)
	at org.apache.maven.surefire.booter.ForkedBooter.main(ForkedBooter.java:103)
Caused by: java.net.ConnectException: Connection timed out: connect
	at java.net.DualStackPlainSocketImpl.connect0(Native Method)
	at java.net.DualStackPlainSocketImpl.socketConnect(DualStackPlainSocketImpl.java:79)
	at java.net.AbstractPlainSocketImpl.doConnect(AbstractPlainSocketImpl.java:350)
	at java.net.AbstractPlainSocketImpl.connectToAddress(AbstractPlainSocketImpl.java:206)
	at java.net.AbstractPlainSocketImpl.connect(AbstractPlainSocketImpl.java:188)
	at java.net.PlainSocketImpl.connect(PlainSocketImpl.java:172)
	at java.net.SocksSocketImpl.connect(SocksSocketImpl.java:392)
	at java.net.Socket.connect(Socket.java:589)
	at com.mysql.jdbc.StandardSocketFactory.connect(StandardSocketFactory.java:211)
	at com.mysql.jdbc.MysqlIO.<init>(MysqlIO.java:299)
	... 85 common frames omitted
2024-07-20 01:17:27,289 - HHH000342: Could not obtain connection to query metadata : Communications link failure

The last packet sent successfully to the server was 0 milliseconds ago. The driver has not received any packets from the server.
2024-07-20 01:17:27,292 - Exception encountered during context initialization - cancelling refresh attempt: org.springframework.beans.factory.BeanCreationException: Error creating bean with name 'entityManagerFactory' defined in class path resource [org/springframework/boot/autoconfigure/orm/jpa/HibernateJpaAutoConfiguration.class]: Invocation of init method failed; nested exception is org.hibernate.service.spi.ServiceException: Unable to create requested service [org.hibernate.engine.jdbc.env.spi.JdbcEnvironment]
2024-07-20 01:17:27,297 - 

Error starting ApplicationContext. To display the auto-configuration report re-run your application with 'debug' enabled.
2024-07-20 01:17:27,302 - Application startup failed
org.springframework.beans.factory.BeanCreationException: Error creating bean with name 'entityManagerFactory' defined in class path resource [org/springframework/boot/autoconfigure/orm/jpa/HibernateJpaAutoConfiguration.class]: Invocation of init method failed; nested exception is org.hibernate.service.spi.ServiceException: Unable to create requested service [org.hibernate.engine.jdbc.env.spi.JdbcEnvironment]
	at org.springframework.beans.factory.support.AbstractAutowireCapableBeanFactory.initializeBean(AbstractAutowireCapableBeanFactory.java:1630)
	at org.springframework.beans.factory.support.AbstractAutowireCapableBeanFactory.doCreateBean(AbstractAutowireCapableBeanFactory.java:553)
	at org.springframework.beans.factory.support.AbstractAutowireCapableBeanFactory.createBean(AbstractAutowireCapableBeanFactory.java:481)
	at org.springframework.beans.factory.support.AbstractBeanFactory$1.getObject(AbstractBeanFactory.java:312)
	at org.springframework.beans.factory.support.DefaultSingletonBeanRegistry.getSingleton(DefaultSingletonBeanRegistry.java:230)
	at org.springframework.beans.factory.support.AbstractBeanFactory.doGetBean(AbstractBeanFactory.java:308)
	at org.springframework.beans.factory.support.AbstractBeanFactory.getBean(AbstractBeanFactory.java:197)
	at org.springframework.context.support.AbstractApplicationContext.getBean(AbstractApplicationContext.java:1082)
	at org.springframework.context.support.AbstractApplicationContext.finishBeanFactoryInitialization(AbstractApplicationContext.java:857)
	at org.springframework.context.support.AbstractApplicationContext.refresh(AbstractApplicationContext.java:542)
	at org.springframework.boot.SpringApplication.refresh(SpringApplication.java:666)
	at org.springframework.boot.SpringApplication.refreshContext(SpringApplication.java:353)
	at org.springframework.boot.SpringApplication.run(SpringApplication.java:300)
	at org.springframework.boot.test.context.SpringBootContextLoader.loadContext(SpringBootContextLoader.java:118)
	at org.springframework.test.context.cache.DefaultCacheAwareContextLoaderDelegate.loadContextInternal(DefaultCacheAwareContextLoaderDelegate.java:98)
	at org.springframework.test.context.cache.DefaultCacheAwareContextLoaderDelegate.loadContext(DefaultCacheAwareContextLoaderDelegate.java:116)
	at org.springframework.test.context.support.DefaultTestContext.getApplicationContext(DefaultTestContext.java:83)
	at org.springframework.test.context.web.ServletTestExecutionListener.setUpRequestContextIfNecessary(ServletTestExecutionListener.java:189)
	at org.springframework.test.context.web.ServletTestExecutionListener.prepareTestInstance(ServletTestExecutionListener.java:131)
	at org.springframework.test.context.TestContextManager.prepareTestInstance(TestContextManager.java:230)
	at org.springframework.test.context.junit4.SpringJUnit4ClassRunner.createTest(SpringJUnit4ClassRunner.java:228)
	at org.springframework.test.context.junit4.SpringJUnit4ClassRunner$1.runReflectiveCall(SpringJUnit4ClassRunner.java:287)
	at org.junit.internal.runners.model.ReflectiveCallable.run(ReflectiveCallable.java:12)
	at org.springframework.test.context.junit4.SpringJUnit4ClassRunner.methodBlock(SpringJUnit4ClassRunner.java:289)
	at org.springframework.test.context.junit4.SpringJUnit4ClassRunner.runChild(SpringJUnit4ClassRunner.java:247)
	at org.springframework.test.context.junit4.SpringJUnit4ClassRunner.runChild(SpringJUnit4ClassRunner.java:94)
	at org.junit.runners.ParentRunner$3.run(ParentRunner.java:290)
	at org.junit.runners.ParentRunner$1.schedule(ParentRunner.java:71)
	at org.junit.runners.ParentRunner.runChildren(ParentRunner.java:288)
	at org.junit.runners.ParentRunner.access$000(ParentRunner.java:58)
	at org.junit.runners.ParentRunner$2.evaluate(ParentRunner.java:268)
	at org.springframework.test.context.junit4.statements.RunBeforeTestClassCallbacks.evaluate(RunBeforeTestClassCallbacks.java:61)
	at org.springframework.test.context.junit4.statements.RunAfterTestClassCallbacks.evaluate(RunAfterTestClassCallbacks.java:70)
	at org.junit.runners.ParentRunner.run(ParentRunner.java:363)
	at org.springframework.test.context.junit4.SpringJUnit4ClassRunner.run(SpringJUnit4ClassRunner.java:191)
	at org.apache.maven.surefire.junit4.JUnit4Provider.execute(JUnit4Provider.java:283)
	at org.apache.maven.surefire.junit4.JUnit4Provider.executeWithRerun(JUnit4Provider.java:173)
	at org.apache.maven.surefire.junit4.JUnit4Provider.executeTestSet(JUnit4Provider.java:153)
	at org.apache.maven.surefire.junit4.JUnit4Provider.invoke(JUnit4Provider.java:128)
	at org.apache.maven.surefire.booter.ForkedBooter.invokeProviderInSameClassLoader(ForkedBooter.java:203)
	at org.apache.maven.surefire.booter.ForkedBooter.runSuitesInProcess(ForkedBooter.java:155)
	at org.apache.maven.surefire.booter.ForkedBooter.main(ForkedBooter.java:103)
Caused by: org.hibernate.service.spi.ServiceException: Unable to create requested service [org.hibernate.engine.jdbc.env.spi.JdbcEnvironment]
	at org.hibernate.service.internal.AbstractServiceRegistryImpl.createService(AbstractServiceRegistryImpl.java:264)
	at org.hibernate.service.internal.AbstractServiceRegistryImpl.initializeService(AbstractServiceRegistryImpl.java:228)
	at org.hibernate.service.internal.AbstractServiceRegistryImpl.getService(AbstractServiceRegistryImpl.java:207)
	at org.hibernate.engine.jdbc.internal.JdbcServicesImpl.configure(JdbcServicesImpl.java:51)
	at org.hibernate.boot.registry.internal.StandardServiceRegistryImpl.configureService(StandardServiceRegistryImpl.java:94)
	at org.hibernate.service.internal.AbstractServiceRegistryImpl.initializeService(AbstractServiceRegistryImpl.java:237)
	at org.hibernate.service.internal.AbstractServiceRegistryImpl.getService(AbstractServiceRegistryImpl.java:207)
	at org.hibernate.boot.model.process.spi.MetadataBuildingProcess.handleTypes(MetadataBuildingProcess.java:352)
	at org.hibernate.boot.model.process.spi.MetadataBuildingProcess.complete(MetadataBuildingProcess.java:111)
	at org.hibernate.jpa.boot.internal.EntityManagerFactoryBuilderImpl.metadata(EntityManagerFactoryBuilderImpl.java:847)
	at org.hibernate.jpa.boot.internal.EntityManagerFactoryBuilderImpl.build(EntityManagerFactoryBuilderImpl.java:874)
	at org.springframework.orm.jpa.vendor.SpringHibernateJpaPersistenceProvider.createContainerEntityManagerFactory(SpringHibernateJpaPersistenceProvider.java:60)
	at org.springframework.orm.jpa.LocalContainerEntityManagerFactoryBean.createNativeEntityManagerFactory(LocalContainerEntityManagerFactoryBean.java:360)
	at org.springframework.orm.jpa.AbstractEntityManagerFactoryBean.buildNativeEntityManagerFactory(AbstractEntityManagerFactoryBean.java:384)
	at org.springframework.orm.jpa.AbstractEntityManagerFactoryBean.afterPropertiesSet(AbstractEntityManagerFactoryBean.java:371)
	at org.springframework.orm.jpa.LocalContainerEntityManagerFactoryBean.afterPropertiesSet(LocalContainerEntityManagerFactoryBean.java:336)
	at org.springframework.beans.factory.support.AbstractAutowireCapableBeanFactory.invokeInitMethods(AbstractAutowireCapableBeanFactory.java:1688)
	at org.springframework.beans.factory.support.AbstractAutowireCapableBeanFactory.initializeBean(AbstractAutowireCapableBeanFactory.java:1626)
	... 41 common frames omitted
Caused by: org.hibernate.HibernateException: Access to DialectResolutionInfo cannot be null when 'hibernate.dialect' not set
	at org.hibernate.engine.jdbc.dialect.internal.DialectFactoryImpl.determineDialect(DialectFactoryImpl.java:100)
	at org.hibernate.engine.jdbc.dialect.internal.DialectFactoryImpl.buildDialect(DialectFactoryImpl.java:54)
	at org.hibernate.engine.jdbc.env.internal.JdbcEnvironmentInitiator.initiateService(JdbcEnvironmentInitiator.java:137)
	at org.hibernate.engine.jdbc.env.internal.JdbcEnvironmentInitiator.initiateService(JdbcEnvironmentInitiator.java:35)
	at org.hibernate.boot.registry.internal.StandardServiceRegistryImpl.initiateService(StandardServiceRegistryImpl.java:88)
	at org.hibernate.service.internal.AbstractServiceRegistryImpl.createService(AbstractServiceRegistryImpl.java:254)
	... 58 common frames omitted
2024-07-20 01:17:27,303 - Caught exception while allowing TestExecutionListener [org.springframework.test.context.web.ServletTestExecutionListener@6e6f2380] to prepare test instance [com.imooc.LoggerTest@415d88de]
java.lang.IllegalStateException: Failed to load ApplicationContext
	at org.springframework.test.context.cache.DefaultCacheAwareContextLoaderDelegate.loadContext(DefaultCacheAwareContextLoaderDelegate.java:124)
	at org.springframework.test.context.support.DefaultTestContext.getApplicationContext(DefaultTestContext.java:83)
	at org.springframework.test.context.web.ServletTestExecutionListener.setUpRequestContextIfNecessary(ServletTestExecutionListener.java:189)
	at org.springframework.test.context.web.ServletTestExecutionListener.prepareTestInstance(ServletTestExecutionListener.java:131)
	at org.springframework.test.context.TestContextManager.prepareTestInstance(TestContextManager.java:230)
	at org.springframework.test.context.junit4.SpringJUnit4ClassRunner.createTest(SpringJUnit4ClassRunner.java:228)
	at org.springframework.test.context.junit4.SpringJUnit4ClassRunner$1.runReflectiveCall(SpringJUnit4ClassRunner.java:287)
	at org.junit.internal.runners.model.ReflectiveCallable.run(ReflectiveCallable.java:12)
	at org.springframework.test.context.junit4.SpringJUnit4ClassRunner.methodBlock(SpringJUnit4ClassRunner.java:289)
	at org.springframework.test.context.junit4.SpringJUnit4ClassRunner.runChild(SpringJUnit4ClassRunner.java:247)
	at org.springframework.test.context.junit4.SpringJUnit4ClassRunner.runChild(SpringJUnit4ClassRunner.java:94)
	at org.junit.runners.ParentRunner$3.run(ParentRunner.java:290)
	at org.junit.runners.ParentRunner$1.schedule(ParentRunner.java:71)
	at org.junit.runners.ParentRunner.runChildren(ParentRunner.java:288)
	at org.junit.runners.ParentRunner.access$000(ParentRunner.java:58)
	at org.junit.runners.ParentRunner$2.evaluate(ParentRunner.java:268)
	at org.springframework.test.context.junit4.statements.RunBeforeTestClassCallbacks.evaluate(RunBeforeTestClassCallbacks.java:61)
	at org.springframework.test.context.junit4.statements.RunAfterTestClassCallbacks.evaluate(RunAfterTestClassCallbacks.java:70)
	at org.junit.runners.ParentRunner.run(ParentRunner.java:363)
	at org.springframework.test.context.junit4.SpringJUnit4ClassRunner.run(SpringJUnit4ClassRunner.java:191)
	at org.apache.maven.surefire.junit4.JUnit4Provider.execute(JUnit4Provider.java:283)
	at org.apache.maven.surefire.junit4.JUnit4Provider.executeWithRerun(JUnit4Provider.java:173)
	at org.apache.maven.surefire.junit4.JUnit4Provider.executeTestSet(JUnit4Provider.java:153)
	at org.apache.maven.surefire.junit4.JUnit4Provider.invoke(JUnit4Provider.java:128)
	at org.apache.maven.surefire.booter.ForkedBooter.invokeProviderInSameClassLoader(ForkedBooter.java:203)
	at org.apache.maven.surefire.booter.ForkedBooter.runSuitesInProcess(ForkedBooter.java:155)
	at org.apache.maven.surefire.booter.ForkedBooter.main(ForkedBooter.java:103)
Caused by: org.springframework.beans.factory.BeanCreationException: Error creating bean with name 'entityManagerFactory' defined in class path resource [org/springframework/boot/autoconfigure/orm/jpa/HibernateJpaAutoConfiguration.class]: Invocation of init method failed; nested exception is org.hibernate.service.spi.ServiceException: Unable to create requested service [org.hibernate.engine.jdbc.env.spi.JdbcEnvironment]
	at org.springframework.beans.factory.support.AbstractAutowireCapableBeanFactory.initializeBean(AbstractAutowireCapableBeanFactory.java:1630)
	at org.springframework.beans.factory.support.AbstractAutowireCapableBeanFactory.doCreateBean(AbstractAutowireCapableBeanFactory.java:553)
	at org.springframework.beans.factory.support.AbstractAutowireCapableBeanFactory.createBean(AbstractAutowireCapableBeanFactory.java:481)
	at org.springframework.beans.factory.support.AbstractBeanFactory$1.getObject(AbstractBeanFactory.java:312)
	at org.springframework.beans.factory.support.DefaultSingletonBeanRegistry.getSingleton(DefaultSingletonBeanRegistry.java:230)
	at org.springframework.beans.factory.support.AbstractBeanFactory.doGetBean(AbstractBeanFactory.java:308)
	at org.springframework.beans.factory.support.AbstractBeanFactory.getBean(AbstractBeanFactory.java:197)
	at org.springframework.context.support.AbstractApplicationContext.getBean(AbstractApplicationContext.java:1082)
	at org.springframework.context.support.AbstractApplicationContext.finishBeanFactoryInitialization(AbstractApplicationContext.java:857)
	at org.springframework.context.support.AbstractApplicationContext.refresh(AbstractApplicationContext.java:542)
	at org.springframework.boot.SpringApplication.refresh(SpringApplication.java:666)
	at org.springframework.boot.SpringApplication.refreshContext(SpringApplication.java:353)
	at org.springframework.boot.SpringApplication.run(SpringApplication.java:300)
	at org.springframework.boot.test.context.SpringBootContextLoader.loadContext(SpringBootContextLoader.java:118)
	at org.springframework.test.context.cache.DefaultCacheAwareContextLoaderDelegate.loadContextInternal(DefaultCacheAwareContextLoaderDelegate.java:98)
	at org.springframework.test.context.cache.DefaultCacheAwareContextLoaderDelegate.loadContext(DefaultCacheAwareContextLoaderDelegate.java:116)
	... 26 common frames omitted
Caused by: org.hibernate.service.spi.ServiceException: Unable to create requested service [org.hibernate.engine.jdbc.env.spi.JdbcEnvironment]
	at org.hibernate.service.internal.AbstractServiceRegistryImpl.createService(AbstractServiceRegistryImpl.java:264)
	at org.hibernate.service.internal.AbstractServiceRegistryImpl.initializeService(AbstractServiceRegistryImpl.java:228)
	at org.hibernate.service.internal.AbstractServiceRegistryImpl.getService(AbstractServiceRegistryImpl.java:207)
	at org.hibernate.engine.jdbc.internal.JdbcServicesImpl.configure(JdbcServicesImpl.java:51)
	at org.hibernate.boot.registry.internal.StandardServiceRegistryImpl.configureService(StandardServiceRegistryImpl.java:94)
	at org.hibernate.service.internal.AbstractServiceRegistryImpl.initializeService(AbstractServiceRegistryImpl.java:237)
	at org.hibernate.service.internal.AbstractServiceRegistryImpl.getService(AbstractServiceRegistryImpl.java:207)
	at org.hibernate.boot.model.process.spi.MetadataBuildingProcess.handleTypes(MetadataBuildingProcess.java:352)
	at org.hibernate.boot.model.process.spi.MetadataBuildingProcess.complete(MetadataBuildingProcess.java:111)
	at org.hibernate.jpa.boot.internal.EntityManagerFactoryBuilderImpl.metadata(EntityManagerFactoryBuilderImpl.java:847)
	at org.hibernate.jpa.boot.internal.EntityManagerFactoryBuilderImpl.build(EntityManagerFactoryBuilderImpl.java:874)
	at org.springframework.orm.jpa.vendor.SpringHibernateJpaPersistenceProvider.createContainerEntityManagerFactory(SpringHibernateJpaPersistenceProvider.java:60)
	at org.springframework.orm.jpa.LocalContainerEntityManagerFactoryBean.createNativeEntityManagerFactory(LocalContainerEntityManagerFactoryBean.java:360)
	at org.springframework.orm.jpa.AbstractEntityManagerFactoryBean.buildNativeEntityManagerFactory(AbstractEntityManagerFactoryBean.java:384)
	at org.springframework.orm.jpa.AbstractEntityManagerFactoryBean.afterPropertiesSet(AbstractEntityManagerFactoryBean.java:371)
	at org.springframework.orm.jpa.LocalContainerEntityManagerFactoryBean.afterPropertiesSet(LocalContainerEntityManagerFactoryBean.java:336)
	at org.springframework.beans.factory.support.AbstractAutowireCapableBeanFactory.invokeInitMethods(AbstractAutowireCapableBeanFactory.java:1688)
	at org.springframework.beans.factory.support.AbstractAutowireCapableBeanFactory.initializeBean(AbstractAutowireCapableBeanFactory.java:1626)
	... 41 common frames omitted
Caused by: org.hibernate.HibernateException: Access to DialectResolutionInfo cannot be null when 'hibernate.dialect' not set
	at org.hibernate.engine.jdbc.dialect.internal.DialectFactoryImpl.determineDialect(DialectFactoryImpl.java:100)
	at org.hibernate.engine.jdbc.dialect.internal.DialectFactoryImpl.buildDialect(DialectFactoryImpl.java:54)
	at org.hibernate.engine.jdbc.env.internal.JdbcEnvironmentInitiator.initiateService(JdbcEnvironmentInitiator.java:137)
	at org.hibernate.engine.jdbc.env.internal.JdbcEnvironmentInitiator.initiateService(JdbcEnvironmentInitiator.java:35)
	at org.hibernate.boot.registry.internal.StandardServiceRegistryImpl.initiateService(StandardServiceRegistryImpl.java:88)
	at org.hibernate.service.internal.AbstractServiceRegistryImpl.createService(AbstractServiceRegistryImpl.java:254)
	... 58 common frames omitted
]]></system-out>
  </testcase>
</testsuite>